[20/Sep/2017 06:09:23] "GET /main/ HTTP/1.1" 200 33087
[20/Sep/2017 06:09:23] "GET /main/img/a7.jpg HTTP/1.1" 200 33087
[20/Sep/2017 06:09:23] "GET /main/img/a4.jpg HTTP/1.1" 200 33087
[20/Sep/2017 06:09:23] "GET /main/img/a1.jpg HTTP/1.1" 200 33087
[20/Sep/2017 06:09:24] "GET /main/img/a2.jpg HTTP/1.1" 200 33087
[20/Sep/2017 06:09:24] "GET /main/img/a3.jpg HTTP/1.1" 200 33087
[20/Sep/2017 06:09:24] "GET /main/img/a8.jpg HTTP/1.1" 200 33087
[20/Sep/2017 06:09:24] "GET /main/img/a7.jpg HTTP/1.1" 200 33087
[20/Sep/2017 06:09:24] "GET /index01/ HTTP/1.1" 200 20116
[20/Sep/2017 06:09:24] "GET /static/img/favicon.ico HTTP/1.1" 200 1150
[20/Sep/2017 06:09:41] "GET /main/?nsukey=YSdZawYQa5tNDoGNRXTWZdBoh7rMVOG%2FXtjZYJULAeF8ocnrt%2BWCz2%2BMjFkpnWv7rghFlx9349bw%2BLlpbidvT0itrgkJAR2Bwad07C8p9qtTTk%2FmQIiUZzwDSR3mr36Sja6yR0SNIaWZCaomggKe%2BeYnVpDXiumvKCaNbS8DeCHmEo50LAqk9byzcw%2FkAuCT HTTP/1.1" 200 33087
[20/Sep/2017 06:09:41] "GET /main/?nsukey=YSdZawYQa5tNDoGNRXTWZdBoh7rMVOG%2FXtjZYJULAeF8ocnrt%2BWCz2%2BMjFkpnWv7rghFlx9349bw%2BLlpbidvT0itrgkJAR2Bwad07C8p9qtTTk%2FmQIiUZzwDSR3mr36Sja6yR0SNIaWZCaomggKe%2BeYnVpDXiumvKCaNbS8DeCHmEo50LAqk9byzcw%2FkAuCT HTTP/1.1" 200 33087
[20/Sep/2017 06:09:41] "GET /static/css/plugins/bootstrap-table/bootstrap-table.min.css HTTP/1.1" 200 4493
[20/Sep/2017 06:09:41] "GET /static/css/animate.css HTTP/1.1" 200 65565
[20/Sep/2017 06:09:41] "GET /static/css/font-awesome.min.css?v=4.4.0 HTTP/1.1" 200 26711
[20/Sep/2017 06:09:41] "GET /static/js/jquery.min.js?v=2.1.4 HTTP/1.1" 200 84345
[20/Sep/2017 06:09:42] "GET /static/js/bootstrap.min.js?v=3.3.6 HTTP/1.1" 200 36869
[20/Sep/2017 06:09:42] "GET /static/js/plugins/metisMenu/jquery.metisMenu.js HTTP/1.1" 200 3985
[20/Sep/2017 06:09:42] "GET /static/css/style.css?v=4.1.0 HTTP/1.1" 200 136461
[20/Sep/2017 06:09:42] "GET /main/?nsukey=YSdZawYQa5tNDoGNRXTWZdBoh7rMVOG%2FXtjZYJULAeF8ocnrt%2BWCz2%2BMjFkpnWv7rghFlx9349bw%2BLlpbidvT0itrgkJAR2Bwad07C8p9qtTTk%2FmQIiUZzwDSR3mr36Sja6yR0SNIaWZCaomggKe%2BeYnVpDXiumvKCaNbS8DeCHmEo50LAqk9byzcw%2FkAuCT HTTP/1.1" 200 33087
[20/Sep/2017 06:09:42] "GET /static/js/plugins/slimscroll/jquery.slimscroll.min.js HTTP/1.1" 200 4675
[20/Sep/2017 06:09:43] "GET /static/js/plugins/layer/layer.min.js HTTP/1.1" 200 14941
[20/Sep/2017 06:09:43] "GET /static/css/bootstrap.min.css?v=3.3.6 HTTP/1.1" 200 121261
[20/Sep/2017 06:09:43] "GET /static/js/hplus.js?v=4.1.0 HTTP/1.1" 200 7606
[20/Sep/2017 06:09:43] "GET /static/js/contabs.js HTTP/1.1" 200 12522
[20/Sep/2017 06:09:43] "GET /static/js/plugins/pace/pace.min.js HTTP/1.1" 200 12315
[20/Sep/2017 06:09:44] "GET /static/js/plugins/bootstrap-table/bootstrap-table.min.js HTTP/1.1" 200 47802
[20/Sep/2017 06:09:44] "GET /static/js/plugins/bootstrap-table/bootstrap-table-mobile.min.js HTTP/1.1" 200 1652
[20/Sep/2017 06:09:44] "GET /static/js/plugins/bootstrap-table/locale/bootstrap-table-zh-CN.min.js HTTP/1.1" 200 853
[20/Sep/2017 06:09:44] "GET /static/js/plugins/bootstrap-table/extensions/select2-filter/bootstrap-table-select2-filter.js HTTP/1.1" 200 9029
[20/Sep/2017 06:09:45] "GET /static/js/plugins/layer/skin/layer.css HTTP/1.1" 200 11303
[20/Sep/2017 06:09:45] "GET /index01 HTTP/1.1" 301 0
[20/Sep/2017 06:09:46] "GET /index01/ HTTP/1.1" 200 20116
[20/Sep/2017 06:09:46] "GET /static/js/plugins/flot/jquery.flot.tooltip.min.js HTTP/1.1" 200 3928
[20/Sep/2017 06:09:46] "GET /static/js/plugins/flot/jquery.flot.spline.js HTTP/1.1" 200 6252
[20/Sep/2017 06:09:46] "GET /static/js/plugins/flot/jquery.flot.pie.js HTTP/1.1" 200 21501
[20/Sep/2017 06:09:46] "GET /static/js/plugins/flot/jquery.flot.resize.js HTTP/1.1" 200 2484
[20/Sep/2017 06:09:46] "GET /static/js/plugins/peity/jquery.peity.min.js HTTP/1.1" 200 3396
[20/Sep/2017 06:09:46] "GET /static/js/demo/peity-demo.js HTTP/1.1" 200 764
[20/Sep/2017 06:09:46] "GET /static/js/content.js?v=1.0.0 HTTP/1.1" 200 1915
[20/Sep/2017 06:09:46] "GET /static/js/plugins/gritter/jquery.gritter.min.js HTTP/1.1" 200 4324
[20/Sep/2017 06:09:46] "GET /static/js/plugins/easypiechart/jquery.easypiechart.js HTTP/1.1" 200 11853
[20/Sep/2017 06:09:46] "GET /static/js/plugins/sparkline/jquery.sparkline.min.js HTTP/1.1" 200 43252
[20/Sep/2017 06:09:46] "GET /main/?nsukey=YSdZawYQa5tNDoGNRXTWZdBoh7rMVOG%2FXtjZYJULAeF8ocnrt%2BWCz2%2BMjFkpnWv7rghFlx9349bw%2BLlpbidvT0itrgkJAR2Bwad07C8p9qtTTk%2FmQIiUZzwDSR3mr36Sja6yR0SNIaWZCaomggKe%2BeYnVpDXiumvKCaNbS8DeCHmEo50LAqk9byzcw%2FkAuCT HTTP/1.1" 200 33087
[20/Sep/2017 06:09:46] "GET /static/js/demo/sparkline-demo.js HTTP/1.1" 200 1708
[20/Sep/2017 06:09:46] "GET /static/js/plugins/flot/jquery.flot.js HTTP/1.1" 200 104627
[20/Sep/2017 06:09:47] "GET /static/fonts/fontawesome-webfont.woff?v=4.4.0 HTTP/1.1" 200 81284
[20/Sep/2017 06:09:47] "GET /index01 HTTP/1.1" 301 0
[20/Sep/2017 06:09:47] "GET /index01/ HTTP/1.1" 200 20116
[20/Sep/2017 06:09:48] "GET /static/js/plugins/sparkline/jquery.sparkline.min.js HTTP/1.1" 200 43252
[20/Sep/2017 06:09:48] "GET /static/js/plugins/flot/jquery.flot.js HTTP/1.1" 200 104627
[20/Sep/2017 06:09:49] "GET /static/fonts/fontawesome-webfont.woff?v=4.4.0 HTTP/1.1" 200 81284
[20/Sep/2017 06:09:50] "GET /main/?nsukey=YSdZawYQa5tNDoGNRXTWZdBoh7rMVOG%2FXtjZYJULAeF8ocnrt%2BWCz2%2BMjFkpnWv7rghFlx9349bw%2BLlpbidvT0itrgkJAR2Bwad07C8p9qtTTk%2FmQIiUZzwDSR3mr36Sja6yR0SNIaWZCaomggKe%2BeYnVpDXiumvKCaNbS8DeCHmEo50LAqk9byzcw%2FkAuCT HTTP/1.1" 200 33087
[20/Sep/2017 06:09:51] "GET /main/?nsukey=YSdZawYQa5tNDoGNRXTWZdBoh7rMVOG%2FXtjZYJULAeF8ocnrt%2BWCz2%2BMjFkpnWv7rghFlx9349bw%2BLlpbidvT0itrgkJAR2Bwad07C8p9qtTTk%2FmQIiUZzwDSR3mr36Sja6yR0SNIaWZCaomggKe%2BeYnVpDXiumvKCaNbS8DeCHmEo50LAqk9byzcw%2FkAuCT HTTP/1.1" 200 33087
[20/Sep/2017 06:09:51] "GET /main/?nsukey=YSdZawYQa5tNDoGNRXTWZdBoh7rMVOG%2FXtjZYJULAeF8ocnrt%2BWCz2%2BMjFkpnWv7rghFlx9349bw%2BLlpbidvT0itrgkJAR2Bwad07C8p9qtTTk%2FmQIiUZzwDSR3mr36Sja6yR0SNIaWZCaomggKe%2BeYnVpDXiumvKCaNbS8DeCHmEo50LAqk9byzcw%2FkAuCT HTTP/1.1" 200 33087
[20/Sep/2017 06:09:51] "GET /main/?nsukey=YSdZawYQa5tNDoGNRXTWZdBoh7rMVOG%2FXtjZYJULAeF8ocnrt%2BWCz2%2BMjFkpnWv7rghFlx9349bw%2BLlpbidvT0itrgkJAR2Bwad07C8p9qtTTk%2FmQIiUZzwDSR3mr36Sja6yR0SNIaWZCaomggKe%2BeYnVpDXiumvKCaNbS8DeCHmEo50LAqk9byzcw%2FkAuCT HTTP/1.1" 200 33087
[20/Sep/2017 06:09:52] "GET /index01 HTTP/1.1" 301 0
[20/Sep/2017 06:09:52] "GET /index01/ HTTP/1.1" 200 20116
[20/Sep/2017 06:09:52] "GET /main/?nsukey=YSdZawYQa5tNDoGNRXTWZdBoh7rMVOG%2FXtjZYJULAeF8ocnrt%2BWCz2%2BMjFkpnWv7rghFlx9349bw%2BLlpbidvT0itrgkJAR2Bwad07C8p9qtTTk%2FmQIiUZzwDSR3mr36Sja6yR0SNIaWZCaomggKe%2BeYnVpDXiumvKCaNbS8DeCHmEo50LAqk9byzcw%2FkAuCT HTTP/1.1" 200 33087
[20/Sep/2017 06:09:53] "GET /static/js/plugins/jquery-ui/jquery-ui.min.js HTTP/1.1" 200 228479
[20/Sep/2017 06:09:53] "GET /static/fonts/fontawesome-webfont.woff?v=4.4.0 HTTP/1.1" 200 81284
[20/Sep/2017 06:09:53] "GET /static/js/jquery.min.js?v=2.1.4 HTTP/1.1" 200 84345
[20/Sep/2017 06:09:54] "GET /index01 HTTP/1.1" 301 0
[20/Sep/2017 06:09:54] "GET /index01/ HTTP/1.1" 200 20116
[20/Sep/2017 06:09:55] "GET /static/js/plugins/jquery-ui/jquery-ui.min.js HTTP/1.1" 200 228479
[20/Sep/2017 06:09:56] "GET /static/js/plugins/jquery-ui/jquery-ui.min.js HTTP/1.1" 200 172032
Traceback (most recent call last):
  File "/usr/lib64/python2.7/wsgiref/handlers.py", line 86, in run
    self.finish_response()
  File "/usr/lib64/python2.7/wsgiref/handlers.py", line 128, in finish_response
    self.write(data)
  File "/usr/lib64/python2.7/wsgiref/handlers.py", line 217, in write
    self._write(data)
  File "/usr/lib64/python2.7/socket.py", line 324, in write
    self.flush()
  File "/usr/lib64/python2.7/socket.py", line 303, in flush
    self._sock.sendall(view[write_offset:write_offset+buffer_size])
error: [Errno 104] Connection reset by peer
[20/Sep/2017 06:09:56] "GET /static/js/plugins/jquery-ui/jquery-ui.min.js HTTP/1.1" 500 59
[2017-09-20 06:09:56,523] - Broken pipe from ('101.226.102.80', 48443)

[20/Sep/2017 06:09:57] "GET /static/fonts/fontawesome-webfont.woff?v=4.4.0 HTTP/1.1" 200 81284
[20/Sep/2017 06:09:58] "GET /main/?nsukey=YSdZawYQa5tNDoGNRXTWZdBoh7rMVOG%2FXtjZYJULAeF8ocnrt%2BWCz2%2BMjFkpnWv7rghFlx9349bw%2BLlpbidvT0itrgkJAR2Bwad07C8p9qtTTk%2FmQIiUZzwDSR3mr36Sja6yR0SNIaWZCaomggKe%2BeYnVpDXiumvKCaNbS8DeCHmEo50LAqk9byzcw%2FkAuCT HTTP/1.1" 200 33087
[20/Sep/2017 06:09:58] "GET /static/css/font-awesome.min.css?v=4.4.0 HTTP/1.1" 200 26711
[20/Sep/2017 06:09:58] "GET /static/css/plugins/bootstrap-table/bootstrap-table.min.css HTTP/1.1" 200 4493
[20/Sep/2017 06:09:58] "GET /static/js/bootstrap.min.js?v=3.3.6 HTTP/1.1" 200 36869
[20/Sep/2017 06:09:59] "GET /static/js/bootstrap.min.js?v=3.3.6 HTTP/1.1" 200 36869
[20/Sep/2017 06:09:59] "GET /static/js/plugins/metisMenu/jquery.metisMenu.js HTTP/1.1" 200 3985
[20/Sep/2017 06:10:00] "GET /static/js/jquery.min.js?v=2.1.4 HTTP/1.1" 200 84345
[20/Sep/2017 06:10:00] "GET /static/js/plugins/slimscroll/jquery.slimscroll.min.js HTTP/1.1" 200 4675
[20/Sep/2017 06:10:00] "GET /static/js/plugins/layer/layer.min.js HTTP/1.1" 200 14941
[20/Sep/2017 06:10:00] "GET /static/js/hplus.js?v=4.1.0 HTTP/1.1" 200 7606
[20/Sep/2017 06:10:00] "GET /static/css/animate.css HTTP/1.1" 200 65565
[20/Sep/2017 06:10:00] "GET /static/css/bootstrap.min.css?v=3.3.6 HTTP/1.1" 200 121261
[20/Sep/2017 06:10:01] "GET /static/js/contabs.js HTTP/1.1" 200 12522
[20/Sep/2017 06:10:01] "GET /static/js/plugins/pace/pace.min.js HTTP/1.1" 200 12315
[20/Sep/2017 06:10:01] "GET /static/js/plugins/bootstrap-table/bootstrap-table.min.js HTTP/1.1" 200 47802
[20/Sep/2017 06:10:02] "GET /static/js/plugins/metisMenu/jquery.metisMenu.js HTTP/1.1" 200 3985
[20/Sep/2017 06:10:02] "GET /static/js/plugins/bootstrap-table/bootstrap-table-mobile.min.js HTTP/1.1" 200 1652
[20/Sep/2017 06:10:02] "GET /static/js/plugins/bootstrap-table/locale/bootstrap-table-zh-CN.min.js HTTP/1.1" 200 853
[20/Sep/2017 06:10:02] "GET /static/js/plugins/bootstrap-table/extensions/select2-filter/bootstrap-table-select2-filter.js HTTP/1.1" 200 9029
[20/Sep/2017 06:10:02] "GET /static/js/plugins/slimscroll/jquery.slimscroll.min.js HTTP/1.1" 200 4675
[20/Sep/2017 06:10:02] "GET /static/js/plugins/jquery-ui/jquery-ui.min.js HTTP/1.1" 200 180224
Traceback (most recent call last):
  File "/usr/lib64/python2.7/wsgiref/handlers.py", line 86, in run
    self.finish_response()
  File "/usr/lib64/python2.7/wsgiref/handlers.py", line 128, in finish_response
    self.write(data)
  File "/usr/lib64/python2.7/wsgiref/handlers.py", line 217, in write
    self._write(data)
  File "/usr/lib64/python2.7/socket.py", line 324, in write
    self.flush()
  File "/usr/lib64/python2.7/socket.py", line 303, in flush
    self._sock.sendall(view[write_offset:write_offset+buffer_size])
error: [Errno 104] Connection reset by peer
[20/Sep/2017 06:10:02] "GET /static/js/plugins/jquery-ui/jquery-ui.min.js HTTP/1.1" 500 59
[2017-09-20 06:10:02,544] - Broken pipe from ('101.226.125.115', 49548)

[20/Sep/2017 06:10:02] "GET /static/js/plugins/layer/layer.min.js HTTP/1.1" 200 14941
[20/Sep/2017 06:10:02] "GET /static/js/hplus.js?v=4.1.0 HTTP/1.1" 200 7606
[20/Sep/2017 06:10:03] "GET /static/js/contabs.js HTTP/1.1" 200 12522
[20/Sep/2017 06:10:03] "GET /static/css/style.css?v=4.1.0 HTTP/1.1" 200 136461
[20/Sep/2017 06:10:03] "GET /static/js/plugins/pace/pace.min.js HTTP/1.1" 200 12315
[20/Sep/2017 06:10:03] "GET /static/img/profile_small.jpg HTTP/1.1" 200 16101
[20/Sep/2017 06:10:03] "GET /main/img/a7.jpg HTTP/1.1" 200 33087
[20/Sep/2017 06:10:03] "GET /main/img/a4.jpg HTTP/1.1" 200 33087
[20/Sep/2017 06:10:03] "GET /main/img/a1.jpg HTTP/1.1" 200 33087
[20/Sep/2017 06:10:03] "GET /static/js/plugins/bootstrap-table/bootstrap-table.min.js HTTP/1.1" 200 47802
[20/Sep/2017 06:10:04] "GET /main/img/a2.jpg HTTP/1.1" 200 33087
[20/Sep/2017 06:10:04] "GET /static/js/plugins/bootstrap-table/bootstrap-table-mobile.min.js HTTP/1.1" 200 1652
[20/Sep/2017 06:10:04] "GET /static/js/plugins/bootstrap-table/locale/bootstrap-table-zh-CN.min.js HTTP/1.1" 200 853
[20/Sep/2017 06:10:05] "GET /main/img/a3.jpg HTTP/1.1" 200 33087
[20/Sep/2017 06:10:05] "GET /main/img/a8.jpg HTTP/1.1" 200 33087
[20/Sep/2017 06:10:06] "GET /static/js/plugins/layer/skin/layer.css HTTP/1.1" 200 11303
[20/Sep/2017 06:10:07] "GET /main/img/a7.jpg HTTP/1.1" 200 33087
[20/Sep/2017 06:10:07] "GET /main/img/a4.jpg HTTP/1.1" 200 33087
[20/Sep/2017 06:10:08] "GET /index01 HTTP/1.1" 301 0
[20/Sep/2017 06:10:08] "GET /main/img/a1.jpg HTTP/1.1" 200 33087
[20/Sep/2017 06:10:08] "GET /main/img/a2.jpg HTTP/1.1" 200 33087
[20/Sep/2017 06:10:08] "GET /main/img/a3.jpg HTTP/1.1" 200 33087
[20/Sep/2017 06:10:08] "GET /static/css/patterns/header-profile-skin-1.png HTTP/1.1" 200 26278
[20/Sep/2017 06:10:08] "GET /main/img/a8.jpg HTTP/1.1" 200 33087
[20/Sep/2017 06:10:08] "GET /static/css/patterns/header-profile-skin-3.png HTTP/1.1" 200 33032
[20/Sep/2017 06:10:08] "GET /index01/ HTTP/1.1" 200 20116
[20/Sep/2017 06:10:09] "GET /main/?nsukey=YSdZawYQa5tNDoGNRXTWZdBoh7rMVOG%2FXtjZYJULAeF8ocnrt%2BWCz2%2BMjFkpnWv7rghFlx9349bw%2BLlpbidvT0itrgkJAR2Bwad07C8p9qtTTk%2FmQIiUZzwDSR3mr36Sja6yR0SNIaWZCaomggKe%2BeYnVpDXiumvKCaNbS8DeCHmEo50LAqk9byzcw%2FkAuCT HTTP/1.1" 200 33087
[20/Sep/2017 06:10:09] "GET /static/css/animate.css HTTP/1.1" 200 65565
[20/Sep/2017 06:10:09] "GET /static/css/font-awesome.min.css?v=4.4.0 HTTP/1.1" 200 26711
[20/Sep/2017 06:10:09] "GET /static/js/jquery.min.js?v=2.1.4 HTTP/1.1" 200 84345
[20/Sep/2017 06:10:09] "GET /static/js/plugins/bootstrap-table/bootstrap-table.min.js HTTP/1.1" 200 47802
[20/Sep/2017 06:10:09] "GET /static/js/plugins/bootstrap-table/locale/bootstrap-table-zh-CN.min.js HTTP/1.1" 200 853
[20/Sep/2017 06:10:09] "GET /static/js/plugins/layer/layer.min.js HTTP/1.1" 200 14941
[20/Sep/2017 06:10:09] "GET /static/js/plugins/slimscroll/jquery.slimscroll.min.js HTTP/1.1" 200 4675
[20/Sep/2017 06:10:09] "GET /static/js/plugins/pace/pace.min.js HTTP/1.1" 200 12315
[20/Sep/2017 06:10:09] "GET /static/js/contabs.js HTTP/1.1" 200 12522
[20/Sep/2017 06:10:09] "GET /static/css/plugins/bootstrap-table/bootstrap-table.min.css HTTP/1.1" 200 4493
[20/Sep/2017 06:10:09] "GET /static/js/plugins/bootstrap-table/bootstrap-table-mobile.min.js HTTP/1.1" 200 1652
[20/Sep/2017 06:10:09] "GET /static/js/bootstrap.min.js?v=3.3.6 HTTP/1.1" 200 36869
[20/Sep/2017 06:10:09] "GET /static/js/plugins/metisMenu/jquery.metisMenu.js HTTP/1.1" 200 3985
[20/Sep/2017 06:10:09] "GET /static/img/profile_small.jpg HTTP/1.1" 200 16101
[20/Sep/2017 06:10:09] "GET /main/img/a7.jpg HTTP/1.1" 200 33087
[20/Sep/2017 06:10:09] "GET /static/js/hplus.js?v=4.1.0 HTTP/1.1" 200 7606
[20/Sep/2017 06:10:09] "GET /static/js/plugins/bootstrap-table/extensions/select2-filter/bootstrap-table-select2-filter.js HTTP/1.1" 200 9029
[20/Sep/2017 06:10:09] "GET /main/img/a4.jpg HTTP/1.1" 200 33087
[20/Sep/2017 06:10:09] "GET /static/fonts/fontawesome-webfont.woff2?v=4.4.0 HTTP/1.1" 200 64464
[20/Sep/2017 06:10:09] "GET /static/img/profile.jpg HTTP/1.1" 200 38520
[20/Sep/2017 06:10:09] "GET /main/img/a8.jpg HTTP/1.1" 200 33087
[20/Sep/2017 06:10:09] "GET /main/img/a3.jpg HTTP/1.1" 200 33087
[20/Sep/2017 06:10:09] "GET /main/img/a1.jpg HTTP/1.1" 200 33087
[20/Sep/2017 06:10:09] "GET /main/img/a2.jpg HTTP/1.1" 200 33087
[20/Sep/2017 06:10:09] "GET /static/img/a2.jpg HTTP/1.1" 200 13416
[20/Sep/2017 06:10:09] "GET /static/img/a3.jpg HTTP/1.1" 200 50346
[20/Sep/2017 06:10:09] "GET /static/img/a5.jpg HTTP/1.1" 200 16274
[20/Sep/2017 06:10:11] "GET /static/js/plugins/flot/jquery.flot.tooltip.min.js HTTP/1.1" 200 3928
[20/Sep/2017 06:10:11] "GET /static/js/plugins/flot/jquery.flot.spline.js HTTP/1.1" 200 6252
[20/Sep/2017 06:10:11] "GET /static/js/plugins/flot/jquery.flot.resize.js HTTP/1.1" 200 2484
[20/Sep/2017 06:10:11] "GET /static/js/plugins/flot/jquery.flot.pie.js HTTP/1.1" 200 21501
[20/Sep/2017 06:10:11] "GET /static/js/plugins/peity/jquery.peity.min.js HTTP/1.1" 200 3396
[20/Sep/2017 06:10:11] "GET /static/js/demo/peity-demo.js HTTP/1.1" 200 764
[20/Sep/2017 06:10:11] "GET /static/js/content.js?v=1.0.0 HTTP/1.1" 200 1915
[20/Sep/2017 06:10:12] "GET /static/js/plugins/gritter/jquery.gritter.min.js HTTP/1.1" 200 4324
[20/Sep/2017 06:10:12] "GET /static/js/plugins/easypiechart/jquery.easypiechart.js HTTP/1.1" 200 11853
[20/Sep/2017 06:10:13] "GET /static/js/plugins/sparkline/jquery.sparkline.min.js HTTP/1.1" 200 43252
[20/Sep/2017 06:10:13] "GET /static/js/demo/sparkline-demo.js HTTP/1.1" 200 1708
[20/Sep/2017 06:10:13] "GET /static/js/plugins/flot/jquery.flot.js HTTP/1.1" 200 104627
[20/Sep/2017 06:10:14] "GET /static/css/bootstrap.min.css?v=3.3.6 HTTP/1.1" 200 121261
[20/Sep/2017 06:10:16] "GET /static/js/plugins/jquery-ui/jquery-ui.min.js HTTP/1.1" 200 228479
[20/Sep/2017 06:10:18] "GET /static/css/style.css?v=4.1.0 HTTP/1.1" 200 136461
[20/Sep/2017 06:10:27] "GET /static/css/patterns/header-profile.png HTTP/1.1" 200 5877
[20/Sep/2017 06:10:37] "GET /index01 HTTP/1.1" 301 0
[20/Sep/2017 06:10:37] "GET /index01/ HTTP/1.1" 200 20116
[20/Sep/2017 06:10:37] "GET /static/js/jquery.min.js?v=2.1.4 HTTP/1.1" 200 84345
[20/Sep/2017 06:10:38] "GET /static/js/bootstrap.min.js?v=3.3.6 HTTP/1.1" 200 36869
[20/Sep/2017 06:10:39] "GET /static/js/plugins/metisMenu/jquery.metisMenu.js HTTP/1.1" 200 3985
[20/Sep/2017 06:10:39] "GET /static/js/plugins/slimscroll/jquery.slimscroll.min.js HTTP/1.1" 200 4675
[20/Sep/2017 06:10:39] "GET /static/js/plugins/layer/layer.min.js HTTP/1.1" 200 14941
[20/Sep/2017 06:10:40] "GET /static/js/hplus.js?v=4.1.0 HTTP/1.1" 200 7606
[20/Sep/2017 06:13:08] "GET /static/js/plugins/layer/layer.min.js HTTP/1.1" 200 14941
[20/Sep/2017 06:13:08] "GET /static/js/plugins/pace/pace.min.js HTTP/1.1" 200 12315
[20/Sep/2017 06:13:08] "GET /static/js/bootstrap.min.js?v=3.3.6 HTTP/1.1" 200 36869
[20/Sep/2017 06:13:08] "GET /static/css/font-awesome.min.css?v=4.4.0 HTTP/1.1" 200 26711
[20/Sep/2017 06:13:08] "GET /main/img/a7.jpg HTTP/1.1" 200 33087
[20/Sep/2017 06:13:08] "GET /static/css/animate.css HTTP/1.1" 200 65565
[20/Sep/2017 06:13:09] "GET /main/img/a4.jpg HTTP/1.1" 200 33087
[20/Sep/2017 06:13:09] "GET /static/js/plugins/layer/skin/layer.css HTTP/1.1" 200 11303
[20/Sep/2017 06:13:10] "GET /static/fonts/fontawesome-webfont.woff?v=4.4.0 HTTP/1.1" 200 81284
[20/Sep/2017 06:13:10] "GET /index01 HTTP/1.1" 301 0
[20/Sep/2017 06:13:10] "GET /static/css/patterns/header-profile-skin-3.png HTTP/1.1" 200 33032
[20/Sep/2017 06:13:10] "GET /static/css/patterns/header-profile-skin-1.png HTTP/1.1" 200 26278
[20/Sep/2017 06:13:10] "GET /index01/ HTTP/1.1" 200 20116
[20/Sep/2017 06:13:10] "GET /static/js/plugins/flot/jquery.flot.tooltip.min.js HTTP/1.1" 200 3928
[20/Sep/2017 06:13:10] "GET /static/js/plugins/flot/jquery.flot.js HTTP/1.1" 200 104627
[20/Sep/2017 06:13:10] "GET /static/js/plugins/flot/jquery.flot.spline.js HTTP/1.1" 200 6252
[20/Sep/2017 06:13:10] "GET /static/js/plugins/flot/jquery.flot.resize.js HTTP/1.1" 200 2484
[20/Sep/2017 06:13:10] "GET /static/js/plugins/flot/jquery.flot.pie.js HTTP/1.1" 200 21501
[20/Sep/2017 06:13:10] "GET /static/js/plugins/peity/jquery.peity.min.js HTTP/1.1" 200 3396
[20/Sep/2017 06:13:10] "GET /static/js/content.js?v=1.0.0 HTTP/1.1" 200 1915
[20/Sep/2017 06:13:10] "GET /static/js/demo/peity-demo.js HTTP/1.1" 200 764
[20/Sep/2017 06:13:10] "GET /static/js/demo/sparkline-demo.js HTTP/1.1" 200 1708
[20/Sep/2017 06:13:10] "GET /static/js/plugins/easypiechart/jquery.easypiechart.js HTTP/1.1" 200 11853
[20/Sep/2017 06:13:10] "GET /static/js/plugins/gritter/jquery.gritter.min.js HTTP/1.1" 200 4324
[20/Sep/2017 06:13:10] "GET /static/js/plugins/sparkline/jquery.sparkline.min.js HTTP/1.1" 200 43252
[20/Sep/2017 06:13:11] "GET /static/img/profile.jpg HTTP/1.1" 200 38520
[20/Sep/2017 06:13:12] "GET /static/img/a2.jpg HTTP/1.1" 200 13416
[20/Sep/2017 06:13:12] "GET /static/img/a3.jpg HTTP/1.1" 200 50346
[20/Sep/2017 06:13:12] "GET /static/img/a5.jpg HTTP/1.1" 200 16274
[20/Sep/2017 06:13:13] "GET /static/js/plugins/jquery-ui/jquery-ui.min.js HTTP/1.1" 200 228479
[20/Sep/2017 06:13:15] "GET /static/css/patterns/header-profile.png HTTP/1.1" 200 5877
[20/Sep/2017 06:13:15] "GET /static/img/favicon.ico HTTP/1.1" 200 1150
[20/Sep/2017 06:15:15] "GET /index01 HTTP/1.1" 301 0
[20/Sep/2017 06:15:17] "GET /index01/ HTTP/1.1" 200 20116
[20/Sep/2017 06:15:25] "GET /static/js/jquery.min.js?v=2.1.4 HTTP/1.1" 200 84345
[20/Sep/2017 06:15:40] "GET /static/js/bootstrap.min.js?v=3.3.6 HTTP/1.1" 200 36869
[20/Sep/2017 06:15:48] "GET /static/js/plugins/metisMenu/jquery.metisMenu.js HTTP/1.1" 200 3985
[20/Sep/2017 06:15:53] "GET /static/js/plugins/slimscroll/jquery.slimscroll.min.js HTTP/1.1" 200 4675
[20/Sep/2017 06:15:57] "GET /static/js/plugins/layer/layer.min.js HTTP/1.1" 200 14941
[20/Sep/2017 06:16:02] "GET /static/js/hplus.js?v=4.1.0 HTTP/1.1" 200 7606
[20/Sep/2017 06:16:06] "GET /static/js/contabs.js HTTP/1.1" 200 12522
[20/Sep/2017 06:16:11] "GET /static/js/plugins/pace/pace.min.js HTTP/1.1" 200 12315
[20/Sep/2017 06:16:15] "GET /static/js/plugins/bootstrap-table/bootstrap-table.min.js HTTP/1.1" 200 47802
[20/Sep/2017 06:16:23] "GET /static/js/plugins/bootstrap-table/bootstrap-table-mobile.min.js HTTP/1.1" 200 1652
[20/Sep/2017 06:16:27] "GET /static/js/plugins/bootstrap-table/locale/bootstrap-table-zh-CN.min.js HTTP/1.1" 200 853
[20/Sep/2017 06:16:36] "GET /static/js/plugins/bootstrap-table/extensions/select2-filter/bootstrap-table-select2-filter.js HTTP/1.1" 200 9029
[20/Sep/2017 06:16:40] "GET /static/js/plugins/flot/jquery.flot.js HTTP/1.1" 200 104627
[20/Sep/2017 06:16:57] "GET /static/js/plugins/flot/jquery.flot.tooltip.min.js HTTP/1.1" 200 3928
[20/Sep/2017 06:17:02] "GET /static/js/plugins/flot/jquery.flot.spline.js HTTP/1.1" 200 6252
[20/Sep/2017 06:17:06] "GET /static/js/plugins/flot/jquery.flot.resize.js HTTP/1.1" 200 2484
[20/Sep/2017 06:17:11] "GET /static/js/plugins/flot/jquery.flot.pie.js HTTP/1.1" 200 21501
[20/Sep/2017 06:17:18] "GET /static/js/plugins/peity/jquery.peity.min.js HTTP/1.1" 200 3396
[20/Sep/2017 06:17:22] "GET /static/js/demo/peity-demo.js HTTP/1.1" 200 764
Not Found: /
[20/Sep/2017 08:08:21] "GET / HTTP/1.1" 404 4910
Not Found: /
[20/Sep/2017 08:08:22] "GET / HTTP/1.1" 404 4910
[20/Sep/2017 08:55:19] "GET /main/img/a7.jpg HTTP/1.1" 200 33087
[20/Sep/2017 08:55:19] "GET /main/img/a1.jpg HTTP/1.1" 200 33087
[20/Sep/2017 08:55:19] "GET /main/img/a2.jpg HTTP/1.1" 200 33087
[20/Sep/2017 08:55:19] "GET /main/img/a3.jpg HTTP/1.1" 200 33087
[20/Sep/2017 08:55:19] "GET /main/img/a8.jpg HTTP/1.1" 200 33087
[20/Sep/2017 08:55:20] "GET /main/img/a7.jpg HTTP/1.1" 200 33087
Not Found: /
[21/Sep/2017 11:20:38] "GET / HTTP/1.1" 404 4910
Not Found: /
[21/Sep/2017 11:20:38] "GET / HTTP/1.1" 404 4910
Not Found: /
[21/Sep/2017 11:20:39] "GET / HTTP/1.1" 404 4910
Not Found: /
[22/Sep/2017 00:18:51] "GET / HTTP/1.1" 404 4910
Not Found: /
[22/Sep/2017 00:18:53] "GET / HTTP/1.1" 404 4910
Not Found: /
[22/Sep/2017 01:19:15] "GET / HTTP/1.1" 404 4910
Not Found: /
[22/Sep/2017 08:05:45] "GET / HTTP/1.1" 404 4910
Performing system checks...

System check identified no issues (0 silenced).
September 26, 2017 - 01:33:21
Django version 1.11.5, using settings 'basehplus.settings'
Starting development server at http://0.0.0.0:8020/
Quit the server with CONTROL-C.
[26/Sep/2017 01:34:21] "GET /admin/?nsukey=polt2CtWO%2FwzjQUMyq8PslGbRh%2Fgxhh95ZFGVGCFcOhCNTE9nfR6qyUI4sbLNwQDy77bBRU9e3cCPU6ZT0TEzFofVJG2%2FE7ltd42fJc2Djdec1WGpXh405YsR9qIgrKFrFO%2By%2FjEHSvvcrNR4iQOuw%2FKn7oTezgjmVHaITL90beKGcsc48%2BGy4QLw6ZTSZVE HTTP/1.1" 302 0
[26/Sep/2017 01:34:21] "GET /admin/login/?next=/admin/%3Fnsukey%3Dpolt2CtWO%252FwzjQUMyq8PslGbRh%252Fgxhh95ZFGVGCFcOhCNTE9nfR6qyUI4sbLNwQDy77bBRU9e3cCPU6ZT0TEzFofVJG2%252FE7ltd42fJc2Djdec1WGpXh405YsR9qIgrKFrFO%252By%252FjEHSvvcrNR4iQOuw%252FKn7oTezgjmVHaITL90beKGcsc48%252BGy4QLw6ZTSZVE HTTP/1.1" 200 2096
[26/Sep/2017 01:34:21] "GET /admin/?nsukey=polt2CtWO%2FwzjQUMyq8PslGbRh%2Fgxhh95ZFGVGCFcOhCNTE9nfR6qyUI4sbLNwQDy77bBRU9e3cCPU6ZT0TEzFofVJG2%2FE7ltd42fJc2Djdec1WGpXh405YsR9qIgrKFrFO%2By%2FjEHSvvcrNR4iQOuw%2FKn7oTezgjmVHaITL90beKGcsc48%2BGy4QLw6ZTSZVE HTTP/1.1" 302 0
[26/Sep/2017 01:34:21] "GET /admin/login/?next=/admin/%3Fnsukey%3Dpolt2CtWO%252FwzjQUMyq8PslGbRh%252Fgxhh95ZFGVGCFcOhCNTE9nfR6qyUI4sbLNwQDy77bBRU9e3cCPU6ZT0TEzFofVJG2%252FE7ltd42fJc2Djdec1WGpXh405YsR9qIgrKFrFO%252By%252FjEHSvvcrNR4iQOuw%252FKn7oTezgjmVHaITL90beKGcsc48%252BGy4QLw6ZTSZVE HTTP/1.1" 200 2096
[26/Sep/2017 01:34:22] "GET /admin/?nsukey=polt2CtWO%2FwzjQUMyq8PslGbRh%2Fgxhh95ZFGVGCFcOhCNTE9nfR6qyUI4sbLNwQDy77bBRU9e3cCPU6ZT0TEzFofVJG2%2FE7ltd42fJc2Djdec1WGpXh405YsR9qIgrKFrFO%2By%2FjEHSvvcrNR4iQOuw%2FKn7oTezgjmVHaITL90beKGcsc48%2BGy4QLw6ZTSZVE HTTP/1.1" 302 0
[26/Sep/2017 01:34:22] "GET /admin/login/?next=/admin/%3Fnsukey%3Dpolt2CtWO%252FwzjQUMyq8PslGbRh%252Fgxhh95ZFGVGCFcOhCNTE9nfR6qyUI4sbLNwQDy77bBRU9e3cCPU6ZT0TEzFofVJG2%252FE7ltd42fJc2Djdec1WGpXh405YsR9qIgrKFrFO%252By%252FjEHSvvcrNR4iQOuw%252FKn7oTezgjmVHaITL90beKGcsc48%252BGy4QLw6ZTSZVE HTTP/1.1" 200 2096
[26/Sep/2017 01:34:22] "GET /admin/?nsukey=polt2CtWO%2FwzjQUMyq8PslGbRh%2Fgxhh95ZFGVGCFcOhCNTE9nfR6qyUI4sbLNwQDy77bBRU9e3cCPU6ZT0TEzFofVJG2%2FE7ltd42fJc2Djdec1WGpXh405YsR9qIgrKFrFO%2By%2FjEHSvvcrNR4iQOuw%2FKn7oTezgjmVHaITL90beKGcsc48%2BGy4QLw6ZTSZVE HTTP/1.1" 302 0
[26/Sep/2017 01:34:22] "GET /static/admin/css/base.css HTTP/1.1" 200 16066
[26/Sep/2017 01:34:22] "GET /static/admin/css/login.css HTTP/1.1" 200 1203
[26/Sep/2017 01:34:22] "GET /admin/login/?next=/admin/%3Fnsukey%3Dpolt2CtWO%252FwzjQUMyq8PslGbRh%252Fgxhh95ZFGVGCFcOhCNTE9nfR6qyUI4sbLNwQDy77bBRU9e3cCPU6ZT0TEzFofVJG2%252FE7ltd42fJc2Djdec1WGpXh405YsR9qIgrKFrFO%252By%252FjEHSvvcrNR4iQOuw%252FKn7oTezgjmVHaITL90beKGcsc48%252BGy4QLw6ZTSZVE HTTP/1.1" 200 2096
[26/Sep/2017 01:34:22] "GET /static/admin/css/fonts.css HTTP/1.1" 200 423
[26/Sep/2017 01:34:22] "GET /static/admin/css/fonts.css HTTP/1.1" 200 423
[26/Sep/2017 01:34:22] "GET /admin/?nsukey=polt2CtWO%2FwzjQUMyq8PslGbRh%2Fgxhh95ZFGVGCFcOhCNTE9nfR6qyUI4sbLNwQDy77bBRU9e3cCPU6ZT0TEzFofVJG2%2FE7ltd42fJc2Djdec1WGpXh405YsR9qIgrKFrFO%2By%2FjEHSvvcrNR4iQOuw%2FKn7oTezgjmVHaITL90beKGcsc48%2BGy4QLw6ZTSZVE HTTP/1.1" 302 0
[26/Sep/2017 01:34:23] "GET /admin/login/?next=/admin/%3Fnsukey%3Dpolt2CtWO%252FwzjQUMyq8PslGbRh%252Fgxhh95ZFGVGCFcOhCNTE9nfR6qyUI4sbLNwQDy77bBRU9e3cCPU6ZT0TEzFofVJG2%252FE7ltd42fJc2Djdec1WGpXh405YsR9qIgrKFrFO%252By%252FjEHSvvcrNR4iQOuw%252FKn7oTezgjmVHaITL90beKGcsc48%252BGy4QLw6ZTSZVE HTTP/1.1" 200 2096
[26/Sep/2017 01:34:23] "GET /static/admin/css/base.css HTTP/1.1" 200 16066
[26/Sep/2017 01:34:23] "GET /static/admin/css/login.css HTTP/1.1" 200 1203
[26/Sep/2017 01:34:26] "GET /admin/login/?next=/admin/%3Fnsukey%3Dpolt2CtWO%252FwzjQUMyq8PslGbRh%252Fgxhh95ZFGVGCFcOhCNTE9nfR6qyUI4sbLNwQDy77bBRU9e3cCPU6ZT0TEzFofVJG2%252FE7ltd42fJc2Djdec1WGpXh405YsR9qIgrKFrFO%252By%252FjEHSvvcrNR4iQOuw%252FKn7oTezgjmVHaITL90beKGcsc48%252BGy4QLw6ZTSZVE&nsukey=QQj8jhqeNXDChNV%2F2BHtRAlURJMFwqj1A05j5%2FKkE4VeQPwyc8zJkPm7ZTpZTzYdse8oIL79srkE5UhFP1GgR09hMw3yA7nQFkx8Y5PNorl4%2F74VFWBdJuTy1BualxxoAyHyvxtF3%2BlzqMAj8SNKocwgHd%2ByQorvgHtJep8eLJ2w%2F0OYx6DboSkFizlD4Q75 HTTP/1.1" 200 2312
[26/Sep/2017 01:34:26] "GET /admin/login/?next=/admin/%3Fnsukey%3Dpolt2CtWO%252FwzjQUMyq8PslGbRh%252Fgxhh95ZFGVGCFcOhCNTE9nfR6qyUI4sbLNwQDy77bBRU9e3cCPU6ZT0TEzFofVJG2%252FE7ltd42fJc2Djdec1WGpXh405YsR9qIgrKFrFO%252By%252FjEHSvvcrNR4iQOuw%252FKn7oTezgjmVHaITL90beKGcsc48%252BGy4QLw6ZTSZVE&nsukey=QQj8jhqeNXDChNV%2F2BHtRAlURJMFwqj1A05j5%2FKkE4VeQPwyc8zJkPm7ZTpZTzYdse8oIL79srkE5UhFP1GgR09hMw3yA7nQFkx8Y5PNorl4%2F74VFWBdJuTy1BualxxoAyHyvxtF3%2BlzqMAj8SNKocwgHd%2ByQorvgHtJep8eLJ2w%2F0OYx6DboSkFizlD4Q75 HTTP/1.1" 200 2312
[26/Sep/2017 01:34:27] "GET /admin/login/?next=/admin/%3Fnsukey%3Dpolt2CtWO%252FwzjQUMyq8PslGbRh%252Fgxhh95ZFGVGCFcOhCNTE9nfR6qyUI4sbLNwQDy77bBRU9e3cCPU6ZT0TEzFofVJG2%252FE7ltd42fJc2Djdec1WGpXh405YsR9qIgrKFrFO%252By%252FjEHSvvcrNR4iQOuw%252FKn7oTezgjmVHaITL90beKGcsc48%252BGy4QLw6ZTSZVE&nsukey=QQj8jhqeNXDChNV%2F2BHtRAlURJMFwqj1A05j5%2FKkE4VeQPwyc8zJkPm7ZTpZTzYdse8oIL79srkE5UhFP1GgR09hMw3yA7nQFkx8Y5PNorl4%2F74VFWBdJuTy1BualxxoAyHyvxtF3%2BlzqMAj8SNKocwgHd%2ByQorvgHtJep8eLJ2w%2F0OYx6DboSkFizlD4Q75 HTTP/1.1" 200 2312
[26/Sep/2017 01:34:27] "GET /static/admin/css/base.css HTTP/1.1" 200 16066
[26/Sep/2017 01:34:27] "GET /static/admin/css/fonts.css HTTP/1.1" 200 423
[26/Sep/2017 01:34:27] "GET /static/admin/fonts/Roboto-Regular-webfont.woff HTTP/1.1" 200 80304
[26/Sep/2017 01:34:27] "GET /static/admin/fonts/Roboto-Light-webfont.woff HTTP/1.1" 200 81348
[26/Sep/2017 01:34:31] "GET /admin/?nsukey=polt2CtWO%2FwzjQUMyq8PslGbRh%2Fgxhh95ZFGVGCFcOhCNTE9nfR6qyUI4sbLNwQDy77bBRU9e3cCPU6ZT0TEzFofVJG2%2FE7ltd42fJc2Djdec1WGpXh405YsR9qIgrKFrFO%2By%2FjEHSvvcrNR4iQOuw%2FKn7oTezgjmVHaITL90beKGcsc48%2BGy4QLw6ZTSZVE HTTP/1.1" 302 0
[26/Sep/2017 01:34:31] "GET /admin/login/?next=/admin/%3Fnsukey%3Dpolt2CtWO%252FwzjQUMyq8PslGbRh%252Fgxhh95ZFGVGCFcOhCNTE9nfR6qyUI4sbLNwQDy77bBRU9e3cCPU6ZT0TEzFofVJG2%252FE7ltd42fJc2Djdec1WGpXh405YsR9qIgrKFrFO%252By%252FjEHSvvcrNR4iQOuw%252FKn7oTezgjmVHaITL90beKGcsc48%252BGy4QLw6ZTSZVE HTTP/1.1" 200 2096
[26/Sep/2017 01:34:38] "POST /admin/login/?next=/admin/%3Fnsukey%3Dpolt2CtWO%252FwzjQUMyq8PslGbRh%252Fgxhh95ZFGVGCFcOhCNTE9nfR6qyUI4sbLNwQDy77bBRU9e3cCPU6ZT0TEzFofVJG2%252FE7ltd42fJc2Djdec1WGpXh405YsR9qIgrKFrFO%252By%252FjEHSvvcrNR4iQOuw%252FKn7oTezgjmVHaITL90beKGcsc48%252BGy4QLw6ZTSZVE&nsukey=QQj8jhqeNXDChNV%2F2BHtRAlURJMFwqj1A05j5%2FKkE4VeQPwyc8zJkPm7ZTpZTzYdse8oIL79srkE5UhFP1GgR09hMw3yA7nQFkx8Y5PNorl4%2F74VFWBdJuTy1BualxxoAyHyvxtF3%2BlzqMAj8SNKocwgHd%2ByQorvgHtJep8eLJ2w%2F0OYx6DboSkFizlD4Q75 HTTP/1.1" 200 2472
[26/Sep/2017 01:34:38] "GET /static/admin/fonts/Roboto-Bold-webfont.woff HTTP/1.1" 200 82564
[26/Sep/2017 01:34:44] "POST /admin/login/?next=/admin/%3Fnsukey%3Dpolt2CtWO%252FwzjQUMyq8PslGbRh%252Fgxhh95ZFGVGCFcOhCNTE9nfR6qyUI4sbLNwQDy77bBRU9e3cCPU6ZT0TEzFofVJG2%252FE7ltd42fJc2Djdec1WGpXh405YsR9qIgrKFrFO%252By%252FjEHSvvcrNR4iQOuw%252FKn7oTezgjmVHaITL90beKGcsc48%252BGy4QLw6ZTSZVE&nsukey=QQj8jhqeNXDChNV%2F2BHtRAlURJMFwqj1A05j5%2FKkE4VeQPwyc8zJkPm7ZTpZTzYdse8oIL79srkE5UhFP1GgR09hMw3yA7nQFkx8Y5PNorl4%2F74VFWBdJuTy1BualxxoAyHyvxtF3%2BlzqMAj8SNKocwgHd%2ByQorvgHtJep8eLJ2w%2F0OYx6DboSkFizlD4Q75 HTTP/1.1" 200 2472
[26/Sep/2017 01:35:43] "GET /admin/ HTTP/1.1" 302 0
[26/Sep/2017 01:35:43] "GET /admin/login/?next=/admin/ HTTP/1.1" 200 1650
[26/Sep/2017 01:35:43] "GET /static/admin/css/base.css HTTP/1.1" 200 16066
[26/Sep/2017 01:35:43] "GET /static/admin/css/login.css HTTP/1.1" 200 1203
[26/Sep/2017 01:35:43] "GET /static/admin/css/fonts.css HTTP/1.1" 200 423
[26/Sep/2017 01:35:43] "GET /static/admin/fonts/Roboto-Light-webfont.woff HTTP/1.1" 200 81348
[26/Sep/2017 01:35:43] "GET /static/admin/fonts/Roboto-Regular-webfont.woff HTTP/1.1" 200 80304
[26/Sep/2017 01:35:49] "GET /admin/login/?next=/main/ HTTP/1.1" 200 1648
[26/Sep/2017 01:35:57] "GET /admin/login HTTP/1.1" 301 0
[26/Sep/2017 01:35:57] "GET /main HTTP/1.1" 301 0
[26/Sep/2017 01:35:57] "GET /main/ HTTP/1.1" 200 33087
[26/Sep/2017 01:35:57] "GET /static/css/font-awesome.min.css?v=4.4.0 HTTP/1.1" 200 26711
[26/Sep/2017 01:35:57] "GET /static/css/plugins/bootstrap-table/bootstrap-table.min.css HTTP/1.1" 200 4493
[26/Sep/2017 01:35:57] "GET /static/js/jquery.min.js?v=2.1.4 HTTP/1.1" 200 84345
[26/Sep/2017 01:35:57] "GET /static/js/bootstrap.min.js?v=3.3.6 HTTP/1.1" 200 36869
[26/Sep/2017 01:35:58] "GET /static/css/style.css?v=4.1.0 HTTP/1.1" 200 136461
[26/Sep/2017 01:35:58] "GET /static/js/plugins/metisMenu/jquery.metisMenu.js HTTP/1.1" 200 3985
[26/Sep/2017 01:35:58] "GET /static/js/plugins/slimscroll/jquery.slimscroll.min.js HTTP/1.1" 200 4675
[26/Sep/2017 01:35:58] "GET /static/js/plugins/layer/layer.min.js HTTP/1.1" 200 14941
[26/Sep/2017 01:35:58] "GET /static/js/hplus.js?v=4.1.0 HTTP/1.1" 200 7606
[26/Sep/2017 01:35:58] "GET /static/js/contabs.js HTTP/1.1" 200 12522
[26/Sep/2017 01:35:59] "GET /static/js/plugins/pace/pace.min.js HTTP/1.1" 200 12315
[26/Sep/2017 01:35:59] "GET /static/css/animate.css HTTP/1.1" 200 65565
[26/Sep/2017 01:35:59] "GET /static/js/plugins/bootstrap-table/bootstrap-table.min.js HTTP/1.1" 200 47802
[26/Sep/2017 01:35:59] "GET /static/js/plugins/bootstrap-table/bootstrap-table-mobile.min.js HTTP/1.1" 200 1652
[26/Sep/2017 01:35:59] "GET /static/js/plugins/bootstrap-table/locale/bootstrap-table-zh-CN.min.js HTTP/1.1" 200 853
[26/Sep/2017 01:35:59] "GET /static/js/plugins/bootstrap-table/extensions/select2-filter/bootstrap-table-select2-filter.js HTTP/1.1" 200 9029
[26/Sep/2017 01:36:00] "GET /static/img/favicon.ico HTTP/1.1" 200 1150
[26/Sep/2017 01:36:00] "GET /static/img/profile_small.jpg HTTP/1.1" 200 16101
[26/Sep/2017 01:36:00] "GET /main/img/a7.jpg HTTP/1.1" 200 33087
[26/Sep/2017 01:36:01] "GET /static/css/bootstrap.min.css?v=3.3.6 HTTP/1.1" 200 121261
[26/Sep/2017 01:36:02] "GET /main/img/a4.jpg HTTP/1.1" 200 33087
[26/Sep/2017 01:36:02] "GET /admin/login/ HTTP/1.1" 200 1637
[26/Sep/2017 01:36:02] "GET /main/img/a1.jpg HTTP/1.1" 200 33087
[26/Sep/2017 01:36:02] "GET /main/img/a2.jpg HTTP/1.1" 200 33087
[26/Sep/2017 01:36:03] "GET /main/img/a3.jpg HTTP/1.1" 200 33087
[26/Sep/2017 01:36:03] "GET /main/img/a8.jpg HTTP/1.1" 200 33087
[26/Sep/2017 01:36:04] "GET /main/?nsukey=mUyeEuvwA6ibEwLQs87MFu6og8BlJEN2no7fzqNicLzhVKgsYPa8G2yy6rc4AEPO9UUKuVezxmRzs0wz9WPpTCn1mSuU4Zaht8l2hsX4br3cJR0FA2Zy97dRF5v4cmLW7ao%2BLmueHQLwlDNGZr%2BUqv5F%2B0mb57G7VvCnqDk9gREJQWR4V148k5LgWI5Da9OL HTTP/1.1" 200 33087
[26/Sep/2017 01:36:04] "GET /main/?nsukey=mUyeEuvwA6ibEwLQs87MFu6og8BlJEN2no7fzqNicLzhVKgsYPa8G2yy6rc4AEPO9UUKuVezxmRzs0wz9WPpTCn1mSuU4Zaht8l2hsX4br3cJR0FA2Zy97dRF5v4cmLW7ao%2BLmueHQLwlDNGZr%2BUqv5F%2B0mb57G7VvCnqDk9gREJQWR4V148k5LgWI5Da9OL HTTP/1.1" 200 33087
[26/Sep/2017 01:36:04] "GET /static/css/plugins/bootstrap-table/bootstrap-table.min.css HTTP/1.1" 200 4493
[26/Sep/2017 01:36:04] "GET /static/css/animate.css HTTP/1.1" 200 65565
[26/Sep/2017 01:36:04] "GET /static/css/font-awesome.min.css?v=4.4.0 HTTP/1.1" 200 26711
[26/Sep/2017 01:36:04] "GET /static/js/jquery.min.js?v=2.1.4 HTTP/1.1" 200 84345
[26/Sep/2017 01:36:04] "GET /static/css/bootstrap.min.css?v=3.3.6 HTTP/1.1" 200 121261
[26/Sep/2017 01:36:04] "GET /static/css/style.css?v=4.1.0 HTTP/1.1" 200 136461
[26/Sep/2017 01:36:04] "GET /static/js/bootstrap.min.js?v=3.3.6 HTTP/1.1" 200 36869
[26/Sep/2017 01:36:05] "GET /static/js/plugins/layer/skin/layer.css HTTP/1.1" 200 11303
[26/Sep/2017 01:36:06] "GET /static/js/plugins/metisMenu/jquery.metisMenu.js HTTP/1.1" 200 3985
[26/Sep/2017 01:36:06] "GET /static/js/plugins/slimscroll/jquery.slimscroll.min.js HTTP/1.1" 200 4675
[26/Sep/2017 01:36:06] "GET /index01 HTTP/1.1" 301 0
[26/Sep/2017 01:36:06] "GET /main/img/a7.jpg HTTP/1.1" 200 33087
[26/Sep/2017 01:36:06] "GET /main/img/a4.jpg HTTP/1.1" 200 33087
[26/Sep/2017 01:36:06] "GET /main/img/a1.jpg HTTP/1.1" 200 33087
[26/Sep/2017 01:36:06] "GET /main/img/a2.jpg HTTP/1.1" 200 33087
[26/Sep/2017 01:36:06] "GET /main/img/a3.jpg HTTP/1.1" 200 33087
[26/Sep/2017 01:36:06] "GET /static/js/plugins/layer/layer.min.js HTTP/1.1" 200 14941
[26/Sep/2017 01:36:06] "GET /index01/ HTTP/1.1" 200 20116
[26/Sep/2017 01:36:06] "GET /static/js/hplus.js?v=4.1.0 HTTP/1.1" 200 7606
[26/Sep/2017 01:36:06] "GET /static/js/contabs.js HTTP/1.1" 200 12522
[26/Sep/2017 01:36:07] "GET /main HTTP/1.1" 301 0
[26/Sep/2017 01:36:07] "GET /static/js/plugins/pace/pace.min.js HTTP/1.1" 200 12315
[26/Sep/2017 01:36:07] "GET /static/js/plugins/bootstrap-table/bootstrap-table.min.js HTTP/1.1" 200 47802
[26/Sep/2017 01:36:07] "GET /static/js/plugins/bootstrap-table/bootstrap-table-mobile.min.js HTTP/1.1" 200 1652
[26/Sep/2017 01:36:07] "GET /main/ HTTP/1.1" 200 33087
[26/Sep/2017 01:36:07] "GET /static/js/plugins/bootstrap-table/locale/bootstrap-table-zh-CN.min.js HTTP/1.1" 200 853
[26/Sep/2017 01:36:07] "GET /static/js/plugins/bootstrap-table/extensions/select2-filter/bootstrap-table-select2-filter.js HTTP/1.1" 200 9029
[26/Sep/2017 01:36:09] "GET /static/js/plugins/flot/jquery.flot.js HTTP/1.1" 200 104627
[26/Sep/2017 01:36:09] "GET /static/js/plugins/layer/skin/layer.css HTTP/1.1" 200 11303
[26/Sep/2017 01:36:10] "GET /index01 HTTP/1.1" 301 0
[26/Sep/2017 01:36:10] "GET /index01/ HTTP/1.1" 200 20116
[26/Sep/2017 01:36:10] "GET /static/js/plugins/flot/jquery.flot.tooltip.min.js HTTP/1.1" 200 3928
[26/Sep/2017 01:36:10] "GET /static/js/plugins/flot/jquery.flot.spline.js HTTP/1.1" 200 6252
[26/Sep/2017 01:36:10] "GET /static/js/plugins/flot/jquery.flot.pie.js HTTP/1.1" 200 21501
[26/Sep/2017 01:36:10] "GET /static/js/plugins/flot/jquery.flot.resize.js HTTP/1.1" 200 2484
[26/Sep/2017 01:36:10] "GET /static/js/plugins/peity/jquery.peity.min.js HTTP/1.1" 200 3396
[26/Sep/2017 01:36:10] "GET /static/js/demo/peity-demo.js HTTP/1.1" 200 764
[26/Sep/2017 01:36:10] "GET /static/js/content.js?v=1.0.0 HTTP/1.1" 200 1915
[26/Sep/2017 01:36:10] "GET /static/js/plugins/gritter/jquery.gritter.min.js HTTP/1.1" 200 4324
[26/Sep/2017 01:36:10] "GET /static/js/plugins/easypiechart/jquery.easypiechart.js HTTP/1.1" 200 11853
[26/Sep/2017 01:36:10] "GET /static/js/plugins/sparkline/jquery.sparkline.min.js HTTP/1.1" 200 43252
[26/Sep/2017 01:36:10] "GET /static/fonts/fontawesome-webfont.woff2?v=4.4.0 HTTP/1.1" 200 64464
[26/Sep/2017 01:36:11] "GET /static/js/plugins/flot/jquery.flot.js HTTP/1.1" 200 104627
[26/Sep/2017 01:36:11] "GET /static/js/demo/sparkline-demo.js HTTP/1.1" 200 1708
[26/Sep/2017 01:36:11] "GET /static/js/plugins/flot/jquery.flot.tooltip.min.js HTTP/1.1" 200 3928
[26/Sep/2017 01:36:11] "GET /static/js/plugins/flot/jquery.flot.spline.js HTTP/1.1" 200 6252
[26/Sep/2017 01:36:12] "GET /static/js/plugins/flot/jquery.flot.resize.js HTTP/1.1" 200 2484
[26/Sep/2017 01:36:12] "GET /static/js/plugins/flot/jquery.flot.pie.js HTTP/1.1" 200 21501
[26/Sep/2017 01:36:12] "GET /static/fonts/fontawesome-webfont.woff?v=4.4.0 HTTP/1.1" 200 81284
[26/Sep/2017 01:36:13] "GET /static/js/plugins/peity/jquery.peity.min.js HTTP/1.1" 200 3396
[26/Sep/2017 01:36:13] "GET /static/js/demo/peity-demo.js HTTP/1.1" 200 764
[26/Sep/2017 01:36:13] "GET /static/js/content.js?v=1.0.0 HTTP/1.1" 200 1915
[26/Sep/2017 01:36:14] "GET /echarts HTTP/1.1" 301 0
[26/Sep/2017 01:36:14] "GET /echarts/ HTTP/1.1" 200 17420
[26/Sep/2017 01:36:14] "GET /main/?nsukey=mUyeEuvwA6ibEwLQs87MFu6og8BlJEN2no7fzqNicLzhVKgsYPa8G2yy6rc4AEPO9UUKuVezxmRzs0wz9WPpTCn1mSuU4Zaht8l2hsX4br3cJR0FA2Zy97dRF5v4cmLW7ao%2BLmueHQLwlDNGZr%2BUqv5F%2B0mb57G7VvCnqDk9gREJQWR4V148k5LgWI5Da9OL HTTP/1.1" 200 33087
[26/Sep/2017 01:36:14] "GET /static/js/plugins/gritter/jquery.gritter.min.js HTTP/1.1" 200 4324
[26/Sep/2017 01:36:14] "GET /static/js/plugins/easypiechart/jquery.easypiechart.js HTTP/1.1" 200 11853
[26/Sep/2017 01:36:14] "GET /static/js/plugins/sparkline/jquery.sparkline.min.js HTTP/1.1" 200 43252
[26/Sep/2017 01:36:15] "GET /static/js/demo/sparkline-demo.js HTTP/1.1" 200 1708
[26/Sep/2017 01:36:15] "GET /static/css/patterns/header-profile.png HTTP/1.1" 200 5877
[26/Sep/2017 01:36:15] "GET /static/img/a5.jpg HTTP/1.1" 200 16274
[26/Sep/2017 01:36:17] "GET /static/js/plugins/jquery-ui/jquery-ui.min.js HTTP/1.1" 200 228479
[26/Sep/2017 01:36:17] "GET /static/js/jquery.min.js?v=2.1.4 HTTP/1.1" 200 84345
[26/Sep/2017 01:36:17] "GET /static/js/demo/echarts-demo.js HTTP/1.1" 200 49813
[26/Sep/2017 01:36:17] "GET /static/js/bootstrap.min.js?v=3.3.6 HTTP/1.1" 200 36869
[26/Sep/2017 01:36:18] "GET /static/js/plugins/metisMenu/jquery.metisMenu.js HTTP/1.1" 200 3985
[26/Sep/2017 01:36:18] "GET /static/js/plugins/slimscroll/jquery.slimscroll.min.js HTTP/1.1" 200 4675
[26/Sep/2017 01:36:19] "GET /static/js/plugins/layer/layer.min.js HTTP/1.1" 200 14941
[26/Sep/2017 01:36:19] "GET /flot HTTP/1.1" 301 0
[26/Sep/2017 01:36:19] "GET /morris HTTP/1.1" 301 0
[26/Sep/2017 01:36:19] "GET /flot/ HTTP/1.1" 200 9664
[26/Sep/2017 01:36:19] "GET /morris/ HTTP/1.1" 200 9015
[26/Sep/2017 01:36:19] "GET /static/img/a3.jpg HTTP/1.1" 200 50346
[26/Sep/2017 01:36:19] "GET /static/js/demo/flot-demo.js HTTP/1.1" 200 38804
[26/Sep/2017 01:36:19] "GET /static/js/hplus.js?v=4.1.0 HTTP/1.1" 200 7606
[26/Sep/2017 01:36:19] "GET /static/js/contabs.js HTTP/1.1" 200 12522
[26/Sep/2017 01:36:20] "GET /static/js/plugins/morris/raphael-2.1.0.min.js HTTP/1.1" 200 90648
[26/Sep/2017 01:36:20] "GET /static/js/plugins/pace/pace.min.js HTTP/1.1" 200 12315
[26/Sep/2017 01:36:21] "GET /static/js/demo/morris-demo.js HTTP/1.1" 200 4056
[26/Sep/2017 01:36:21] "GET /static/img/profile.jpg HTTP/1.1" 200 38520
[26/Sep/2017 01:36:21] "GET /static/img/a2.jpg HTTP/1.1" 200 13416
[26/Sep/2017 01:36:21] "GET /static/js/plugins/morris/morris.js HTTP/1.1" 200 65747
[26/Sep/2017 01:36:21] "GET /metrics HTTP/1.1" 301 0
[26/Sep/2017 01:36:22] "GET /metrics/ HTTP/1.1" 200 18975
[26/Sep/2017 01:36:22] "GET /main/img/a8.jpg HTTP/1.1" 200 33087
[26/Sep/2017 01:36:22] "GET /static/css/patterns/header-profile-skin-1.png HTTP/1.1" 200 26278
[26/Sep/2017 01:36:22] "GET /static/css/patterns/header-profile-skin-3.png HTTP/1.1" 200 33032
[26/Sep/2017 01:36:22] "GET /static/js/plugins/jquery-ui/jquery-ui.min.js HTTP/1.1" 200 228479
[26/Sep/2017 01:36:23] "GET /static/js/plugins/bootstrap-table/bootstrap-table.min.js HTTP/1.1" 200 47802
[26/Sep/2017 01:36:23] "GET /emailbox HTTP/1.1" 301 0
[26/Sep/2017 01:36:23] "GET /emailbox/ HTTP/1.1" 200 19742
[26/Sep/2017 01:36:24] "GET /static/js/plugins/bootstrap-table/bootstrap-table-mobile.min.js HTTP/1.1" 200 1652
[26/Sep/2017 01:36:24] "GET /static/js/plugins/bootstrap-table/locale/bootstrap-table-zh-CN.min.js HTTP/1.1" 200 853
[26/Sep/2017 01:36:24] "GET /static/js/jquery.min.js?v=2.1.4 HTTP/1.1" 200 84345
[26/Sep/2017 01:36:25] "GET /mail_detail HTTP/1.1" 301 0
[26/Sep/2017 01:36:25] "GET /mail_detail/ HTTP/1.1" 200 12684
[26/Sep/2017 01:36:25] "GET /static/js/plugins/iCheck/icheck.min.js HTTP/1.1" 200 4987
[26/Sep/2017 01:36:25] "GET /static/js/bootstrap.min.js?v=3.3.6 HTTP/1.1" 200 36869
[26/Sep/2017 01:36:25] "GET /mail_compose HTTP/1.1" 301 0
[26/Sep/2017 01:36:25] "GET /mail_compose/ HTTP/1.1" 200 10932
[26/Sep/2017 01:36:25] "GET /static/css/plugins/iCheck/custom.css HTTP/1.1" 200 1399
[26/Sep/2017 01:36:25] "GET /static/css/plugins/summernote/summernote.css HTTP/1.1" 200 10246
[26/Sep/2017 01:36:26] "GET /static/js/plugins/metisMenu/jquery.metisMenu.js HTTP/1.1" 200 3985
[26/Sep/2017 01:36:26] "GET /static/js/plugins/slimscroll/jquery.slimscroll.min.js HTTP/1.1" 200 4675
[26/Sep/2017 01:36:26] "GET /static/css/plugins/summernote/summernote-bs3.css HTTP/1.1" 200 146427
[26/Sep/2017 01:36:26] "GET /static/js/plugins/layer/layer.min.js HTTP/1.1" 200 14941
[26/Sep/2017 01:36:27] "GET /contacts HTTP/1.1" 301 0
[26/Sep/2017 01:36:27] "GET /contacts/ HTTP/1.1" 200 19054
[26/Sep/2017 01:36:27] "GET /static/js/hplus.js?v=4.1.0 HTTP/1.1" 200 7606
[26/Sep/2017 01:36:27] "GET /static/js/plugins/bootstrap-table/extensions/select2-filter/bootstrap-table-select2-filter.js HTTP/1.1" 200 9029
[26/Sep/2017 01:36:27] "GET /static/img/p2.jpg HTTP/1.1" 200 151080
[26/Sep/2017 01:36:28] "GET /static/js/contabs.js HTTP/1.1" 200 12522
[26/Sep/2017 01:36:28] "GET /static/js/plugins/pace/pace.min.js HTTP/1.1" 200 12315
[26/Sep/2017 01:36:28] "GET /index01 HTTP/1.1" 301 0
[26/Sep/2017 01:36:28] "GET /static/js/plugins/bootstrap-table/bootstrap-table.min.js HTTP/1.1" 200 47802
[26/Sep/2017 01:36:28] "GET /index01/ HTTP/1.1" 200 20116
[26/Sep/2017 01:36:28] "GET /profile HTTP/1.1" 301 0
[26/Sep/2017 01:36:28] "GET /teams_board HTTP/1.1" 301 0
[26/Sep/2017 01:36:29] "GET /profile/ HTTP/1.1" 200 12562
[26/Sep/2017 01:36:29] "GET /teams_board/ HTTP/1.1" 200 24047
[26/Sep/2017 01:36:29] "GET /static/img/p1.jpg HTTP/1.1" 200 149114
[26/Sep/2017 01:36:30] "GET /static/js/plugins/summernote/summernote.min.js HTTP/1.1" 200 53790
[26/Sep/2017 01:36:30] "GET /static/js/plugins/bootstrap-table/bootstrap-table-mobile.min.js HTTP/1.1" 200 1652
[26/Sep/2017 01:36:30] "GET /static/js/plugins/summernote/summernote-zh-CN.js HTTP/1.1" 200 2589
[26/Sep/2017 01:36:30] "GET /static/img/a6.jpg HTTP/1.1" 200 18357
[26/Sep/2017 01:36:30] "GET /static/js/plugins/bootstrap-table/locale/bootstrap-table-zh-CN.min.js HTTP/1.1" 200 853
[26/Sep/2017 01:36:31] "GET /static/img/a8.jpg HTTP/1.1" 200 10758
[26/Sep/2017 01:36:31] "GET /static/img/a7.jpg HTTP/1.1" 200 10399
[26/Sep/2017 01:36:31] "GET /static/img/a1.jpg HTTP/1.1" 200 40994
[26/Sep/2017 01:36:31] "GET /static/js/plugins/bootstrap-table/extensions/select2-filter/bootstrap-table-select2-filter.js HTTP/1.1" 200 9029
[26/Sep/2017 01:36:31] "GET /static/img/a4.jpg HTTP/1.1" 200 8039
[26/Sep/2017 01:36:32] "GET /static/js/jquery.min.js?v=2.1.4 HTTP/1.1" 200 84345
[26/Sep/2017 01:36:32] "GET /index01 HTTP/1.1" 301 0
[26/Sep/2017 01:36:32] "GET /index01/ HTTP/1.1" 200 20116
[26/Sep/2017 01:36:33] "GET /static/img/p3.jpg HTTP/1.1" 200 125697
[26/Sep/2017 01:36:33] "GET /static/js/jquery.min.js?v=2.1.4 HTTP/1.1" 200 84345
[26/Sep/2017 01:36:36] "GET /static/img/profile_big.jpg HTTP/1.1" 200 252814
[26/Sep/2017 01:36:37] "GET /static/js/bootstrap.min.js?v=3.3.6 HTTP/1.1" 200 36869
[26/Sep/2017 01:36:37] "GET /static/js/plugins/metisMenu/jquery.metisMenu.js HTTP/1.1" 200 3985
[26/Sep/2017 01:36:38] "GET /static/js/plugins/slimscroll/jquery.slimscroll.min.js HTTP/1.1" 200 4675
[26/Sep/2017 01:36:38] "GET /static/js/plugins/layer/layer.min.js HTTP/1.1" 200 14941
[26/Sep/2017 01:36:38] "GET /static/js/hplus.js?v=4.1.0 HTTP/1.1" 200 7606
[26/Sep/2017 01:36:42] "GET /static/js/plugins/echarts/echarts-all.js HTTP/1.1" 200 972410
[26/Sep/2017 01:36:44] "GET /static/js/plugins/metisMenu/jquery.metisMenu.js HTTP/1.1" 200 3985
[26/Sep/2017 01:36:55] "GET /static/js/plugins/layer/layer.min.js HTTP/1.1" 200 14941
[26/Sep/2017 01:36:55] "GET /static/js/hplus.js?v=4.1.0 HTTP/1.1" 200 7606
[26/Sep/2017 01:37:50] "GET /main/?nsukey=g7e91KhnfDlFs%2BbXJO9wvMBZUYskGyasdZ8NT1hb1X%2BWPbsZn5waAhi4PUUdZ2DGtIgIRpjKZL90cyA1lY%2FyYns9q5bnzdPX5bhGhxeLntHuQlF0et4Y4HoR2TkNwMRzfNwlYvLK9flNblKdr3kFVJ5LN8rxVScDrSxgIw7imYbBZqP0vLAhyyXRNOsK59gY HTTP/1.1" 200 33087
[26/Sep/2017 01:37:50] "GET /main/?nsukey=g7e91KhnfDlFs%2BbXJO9wvMBZUYskGyasdZ8NT1hb1X%2BWPbsZn5waAhi4PUUdZ2DGtIgIRpjKZL90cyA1lY%2FyYns9q5bnzdPX5bhGhxeLntHuQlF0et4Y4HoR2TkNwMRzfNwlYvLK9flNblKdr3kFVJ5LN8rxVScDrSxgIw7imYbBZqP0vLAhyyXRNOsK59gY HTTP/1.1" 200 33087
[26/Sep/2017 01:37:51] "GET /index01 HTTP/1.1" 301 0
[26/Sep/2017 01:37:51] "GET /index01/ HTTP/1.1" 200 20116
[26/Sep/2017 01:37:51] "GET /static/fonts/fontawesome-webfont.woff?v=4.4.0 HTTP/1.1" 200 81284
[26/Sep/2017 01:37:52] "GET /main/?nsukey=g7e91KhnfDlFs%2BbXJO9wvMBZUYskGyasdZ8NT1hb1X%2BWPbsZn5waAhi4PUUdZ2DGtIgIRpjKZL90cyA1lY%2FyYns9q5bnzdPX5bhGhxeLntHuQlF0et4Y4HoR2TkNwMRzfNwlYvLK9flNblKdr3kFVJ5LN8rxVScDrSxgIw7imYbBZqP0vLAhyyXRNOsK59gY HTTP/1.1" 200 33087
[26/Sep/2017 01:37:52] "GET /static/css/font-awesome.min.css?v=4.4.0 HTTP/1.1" 200 26711
[26/Sep/2017 01:37:52] "GET /static/css/plugins/bootstrap-table/bootstrap-table.min.css HTTP/1.1" 200 4493
[26/Sep/2017 01:37:53] "GET /static/css/bootstrap.min.css?v=3.3.6 HTTP/1.1" 200 121261
[26/Sep/2017 01:37:53] "GET /static/js/bootstrap.min.js?v=3.3.6 HTTP/1.1" 200 36869
[26/Sep/2017 01:37:53] "GET /static/js/plugins/metisMenu/jquery.metisMenu.js HTTP/1.1" 200 3985
[26/Sep/2017 01:37:53] "GET /static/js/plugins/slimscroll/jquery.slimscroll.min.js HTTP/1.1" 200 4675
[26/Sep/2017 01:37:53] "GET /static/js/plugins/layer/layer.min.js HTTP/1.1" 200 14941
[26/Sep/2017 01:37:53] "GET /static/js/hplus.js?v=4.1.0 HTTP/1.1" 200 7606
[26/Sep/2017 01:37:53] "GET /static/js/contabs.js HTTP/1.1" 200 12522
[26/Sep/2017 01:37:54] "GET /static/js/plugins/pace/pace.min.js HTTP/1.1" 200 12315
[26/Sep/2017 01:37:54] "GET /static/js/plugins/bootstrap-table/bootstrap-table.min.js HTTP/1.1" 200 47802
[26/Sep/2017 01:37:54] "GET /main HTTP/1.1" 301 0
[26/Sep/2017 01:37:54] "GET /static/css/animate.css HTTP/1.1" 200 65565
[26/Sep/2017 01:37:54] "GET /main/ HTTP/1.1" 200 33087
[26/Sep/2017 01:37:54] "GET /static/js/plugins/bootstrap-table/bootstrap-table-mobile.min.js HTTP/1.1" 200 1652
[26/Sep/2017 01:37:54] "GET /static/js/plugins/bootstrap-table/locale/bootstrap-table-zh-CN.min.js HTTP/1.1" 200 853
[26/Sep/2017 01:37:55] "GET /static/js/plugins/bootstrap-table/extensions/select2-filter/bootstrap-table-select2-filter.js HTTP/1.1" 200 9029
[26/Sep/2017 01:37:55] "GET /static/js/jquery.min.js?v=2.1.4 HTTP/1.1" 200 84345
[26/Sep/2017 01:37:56] "GET /static/css/style.css?v=4.1.0 HTTP/1.1" 200 136461
[26/Sep/2017 01:37:56] "GET /static/img/profile_small.jpg HTTP/1.1" 200 16101
[26/Sep/2017 01:37:56] "GET /main/img/a7.jpg HTTP/1.1" 200 33087
[26/Sep/2017 01:37:56] "GET /main/img/a4.jpg HTTP/1.1" 200 33087
[26/Sep/2017 01:37:56] "GET /main/img/a1.jpg HTTP/1.1" 200 33087
[26/Sep/2017 01:37:57] "GET /main/img/a2.jpg HTTP/1.1" 200 33087
[26/Sep/2017 01:37:57] "GET /static/js/plugins/layer/skin/layer.css HTTP/1.1" 200 11303
[26/Sep/2017 01:37:57] "GET /main/img/a3.jpg HTTP/1.1" 200 33087
[26/Sep/2017 01:37:57] "GET /main/img/a8.jpg HTTP/1.1" 200 33087
[26/Sep/2017 01:37:58] "GET /static/js/jquery.min.js?v=2.1.4 HTTP/1.1" 200 84345
[26/Sep/2017 01:37:58] "GET /index01 HTTP/1.1" 301 0
[26/Sep/2017 01:37:58] "GET /index01/ HTTP/1.1" 200 20116
[26/Sep/2017 01:37:58] "GET /static/css/patterns/header-profile-skin-1.png HTTP/1.1" 200 26278
[26/Sep/2017 01:37:59] "GET /static/css/patterns/header-profile-skin-3.png HTTP/1.1" 200 33032
[26/Sep/2017 01:37:59] "GET /static/js/bootstrap.min.js?v=3.3.6 HTTP/1.1" 200 36869
[26/Sep/2017 01:37:59] "GET /static/img/profile.jpg HTTP/1.1" 200 38520
[26/Sep/2017 01:38:00] "GET /static/js/plugins/flot/jquery.flot.tooltip.min.js HTTP/1.1" 200 3928
[26/Sep/2017 01:38:00] "GET /static/js/plugins/flot/jquery.flot.js HTTP/1.1" 200 104627
[26/Sep/2017 01:38:00] "GET /static/js/plugins/flot/jquery.flot.resize.js HTTP/1.1" 200 2484
[26/Sep/2017 01:38:00] "GET /static/js/plugins/flot/jquery.flot.spline.js HTTP/1.1" 200 6252
[26/Sep/2017 01:38:00] "GET /static/js/plugins/flot/jquery.flot.pie.js HTTP/1.1" 200 21501
[26/Sep/2017 01:38:00] "GET /static/js/plugins/peity/jquery.peity.min.js HTTP/1.1" 200 3396
[26/Sep/2017 01:38:00] "GET /static/js/demo/peity-demo.js HTTP/1.1" 200 764
[26/Sep/2017 01:38:01] "GET /static/js/content.js?v=1.0.0 HTTP/1.1" 200 1915
[26/Sep/2017 01:38:01] "GET /static/js/plugins/gritter/jquery.gritter.min.js HTTP/1.1" 200 4324
[26/Sep/2017 01:38:01] "GET /static/js/plugins/easypiechart/jquery.easypiechart.js HTTP/1.1" 200 11853
[26/Sep/2017 01:38:01] "GET /static/js/plugins/sparkline/jquery.sparkline.min.js HTTP/1.1" 200 43252
[26/Sep/2017 01:38:02] "GET /static/js/demo/sparkline-demo.js HTTP/1.1" 200 1708
[26/Sep/2017 01:38:02] "GET /static/img/a2.jpg HTTP/1.1" 200 13416
[26/Sep/2017 01:38:02] "GET /static/img/a3.jpg HTTP/1.1" 200 50346
[26/Sep/2017 01:38:02] "GET /static/img/a5.jpg HTTP/1.1" 200 16274
[26/Sep/2017 01:38:03] "GET /static/js/plugins/metisMenu/jquery.metisMenu.js HTTP/1.1" 200 3985
[26/Sep/2017 01:38:03] "GET /static/fonts/fontawesome-webfont.woff2?v=4.4.0 HTTP/1.1" 200 64464
[26/Sep/2017 01:38:03] "GET /static/js/plugins/slimscroll/jquery.slimscroll.min.js HTTP/1.1" 200 4675
[26/Sep/2017 01:38:04] "GET /static/js/plugins/layer/layer.min.js HTTP/1.1" 200 14941
[26/Sep/2017 01:38:04] "GET /static/js/plugins/jquery-ui/jquery-ui.min.js HTTP/1.1" 200 228479
[26/Sep/2017 01:38:04] "GET /static/js/hplus.js?v=4.1.0 HTTP/1.1" 200 7606
[26/Sep/2017 01:38:05] "GET /static/js/contabs.js HTTP/1.1" 200 12522
[26/Sep/2017 01:38:05] "GET /static/js/plugins/pace/pace.min.js HTTP/1.1" 200 12315
[26/Sep/2017 01:38:05] "GET /static/css/patterns/header-profile.png HTTP/1.1" 200 5877
[26/Sep/2017 01:38:05] "GET /static/js/plugins/bootstrap-table/bootstrap-table.min.js HTTP/1.1" 200 47802
[26/Sep/2017 01:38:06] "GET /static/js/plugins/bootstrap-table/bootstrap-table-mobile.min.js HTTP/1.1" 200 1652
[26/Sep/2017 01:38:06] "GET /static/js/plugins/bootstrap-table/locale/bootstrap-table-zh-CN.min.js HTTP/1.1" 200 853
[26/Sep/2017 01:38:17] "GET /static/js/plugins/bootstrap-table/extensions/select2-filter/bootstrap-table-select2-filter.js HTTP/1.1" 200 9029
[26/Sep/2017 01:38:17] "GET /index01 HTTP/1.1" 301 0
[26/Sep/2017 01:38:17] "GET /index01/ HTTP/1.1" 200 20116
[26/Sep/2017 01:38:17] "GET /static/js/jquery.min.js?v=2.1.4 HTTP/1.1" 200 84345
[26/Sep/2017 01:38:18] "GET /static/js/bootstrap.min.js?v=3.3.6 HTTP/1.1" 200 36869
[26/Sep/2017 01:38:19] "GET /static/js/plugins/metisMenu/jquery.metisMenu.js HTTP/1.1" 200 3985
[26/Sep/2017 01:38:19] "GET /static/js/plugins/slimscroll/jquery.slimscroll.min.js HTTP/1.1" 200 4675
[26/Sep/2017 01:38:19] "GET /static/js/plugins/layer/layer.min.js HTTP/1.1" 200 14941
[26/Sep/2017 01:38:19] "GET /index01 HTTP/1.1" 301 0
[26/Sep/2017 01:38:20] "GET /static/js/hplus.js?v=4.1.0 HTTP/1.1" 200 7606
[26/Sep/2017 01:38:25] "GET /index01/ HTTP/1.1" 200 20116
[26/Sep/2017 01:38:41] "GET /static/js/jquery.min.js?v=2.1.4 HTTP/1.1" 200 84345
[26/Sep/2017 01:39:11] "GET /static/js/bootstrap.min.js?v=3.3.6 HTTP/1.1" 200 36869
[26/Sep/2017 01:39:15] "GET /admin/?nsukey=polt2CtWO%2FwzjQUMyq8PslGbRh%2Fgxhh95ZFGVGCFcOhCNTE9nfR6qyUI4sbLNwQDy77bBRU9e3cCPU6ZT0TEzFofVJG2%2FE7ltd42fJc2Djdec1WGpXh405YsR9qIgrKFrFO%2By%2FjEHSvvcrNR4iQOuw%2FKn7oTezgjmVHaITL90beKGcsc48%2BGy4QLw6ZTSZVE HTTP/1.1" 302 0
[26/Sep/2017 01:39:17] "GET /admin/login/?next=/admin/%3Fnsukey%3Dpolt2CtWO%252FwzjQUMyq8PslGbRh%252Fgxhh95ZFGVGCFcOhCNTE9nfR6qyUI4sbLNwQDy77bBRU9e3cCPU6ZT0TEzFofVJG2%252FE7ltd42fJc2Djdec1WGpXh405YsR9qIgrKFrFO%252By%252FjEHSvvcrNR4iQOuw%252FKn7oTezgjmVHaITL90beKGcsc48%252BGy4QLw6ZTSZVE HTTP/1.1" 200 2096
[26/Sep/2017 01:39:29] "GET /static/js/plugins/metisMenu/jquery.metisMenu.js HTTP/1.1" 200 3985
[26/Sep/2017 01:39:37] "GET /static/js/plugins/slimscroll/jquery.slimscroll.min.js HTTP/1.1" 200 4675
[26/Sep/2017 01:39:46] "GET /static/js/plugins/layer/layer.min.js HTTP/1.1" 200 14941
[26/Sep/2017 01:39:59] "GET /static/js/hplus.js?v=4.1.0 HTTP/1.1" 200 7606
[26/Sep/2017 01:40:08] "GET /static/js/contabs.js HTTP/1.1" 200 12522
[26/Sep/2017 01:40:18] "GET /static/js/plugins/pace/pace.min.js HTTP/1.1" 200 12315
[26/Sep/2017 01:40:27] "GET /static/js/plugins/bootstrap-table/bootstrap-table.min.js HTTP/1.1" 200 47802
[26/Sep/2017 01:40:46] "GET /static/js/plugins/bootstrap-table/bootstrap-table-mobile.min.js HTTP/1.1" 200 1652
[26/Sep/2017 01:40:55] "GET /static/js/plugins/bootstrap-table/locale/bootstrap-table-zh-CN.min.js HTTP/1.1" 200 853
[26/Sep/2017 01:41:14] "GET /static/js/plugins/bootstrap-table/extensions/select2-filter/bootstrap-table-select2-filter.js HTTP/1.1" 200 9029
[26/Sep/2017 01:41:21] "GET /static/js/plugins/flot/jquery.flot.js HTTP/1.1" 200 104627
[26/Sep/2017 01:42:00] "GET /static/js/plugins/flot/jquery.flot.tooltip.min.js HTTP/1.1" 200 3928
[26/Sep/2017 01:42:10] "GET /static/js/plugins/flot/jquery.flot.spline.js HTTP/1.1" 200 6252
[26/Sep/2017 01:42:20] "GET /static/js/plugins/flot/jquery.flot.resize.js HTTP/1.1" 200 2484
[26/Sep/2017 01:42:31] "GET /static/js/plugins/flot/jquery.flot.pie.js HTTP/1.1" 200 21501
[26/Sep/2017 01:42:47] "GET /static/js/plugins/peity/jquery.peity.min.js HTTP/1.1" 200 3396
[26/Sep/2017 01:42:55] "GET /static/js/demo/peity-demo.js HTTP/1.1" 200 764
[26/Sep/2017 07:02:43] "GET /main/?nsukey=bjCY4xEiKPgZUUNAgsSqR5ahJWrapJGnfgcMwKZ8lXlJOVjEkpH%2Bmu2Oqq83QTdfvDV5lT6OipMxqeW9WBHafOZ%2BD%2BxSPjggDL37yyRdUq5A5ip%2Br5b2rMEXlZpfZA77tkdXy8VPwCOP%2BYPbzd6%2FfpK1o3WQw5BLqU9W7wJDfW3vrYzYcQrPkgpHTdiKylxV HTTP/1.1" 200 33087
[26/Sep/2017 07:02:43] "GET /main/?nsukey=bjCY4xEiKPgZUUNAgsSqR5ahJWrapJGnfgcMwKZ8lXlJOVjEkpH%2Bmu2Oqq83QTdfvDV5lT6OipMxqeW9WBHafOZ%2BD%2BxSPjggDL37yyRdUq5A5ip%2Br5b2rMEXlZpfZA77tkdXy8VPwCOP%2BYPbzd6%2FfpK1o3WQw5BLqU9W7wJDfW3vrYzYcQrPkgpHTdiKylxV HTTP/1.1" 200 33087
[26/Sep/2017 07:02:43] "GET /static/css/font-awesome.min.css?v=4.4.0 HTTP/1.1" 200 26711
[26/Sep/2017 07:02:43] "GET /static/css/plugins/bootstrap-table/bootstrap-table.min.css HTTP/1.1" 200 4493
[26/Sep/2017 07:02:43] "GET /static/css/animate.css HTTP/1.1" 200 65565
[26/Sep/2017 07:02:43] "GET /static/js/jquery.min.js?v=2.1.4 HTTP/1.1" 200 84345
[26/Sep/2017 07:02:43] "GET /static/css/style.css?v=4.1.0 HTTP/1.1" 200 136461
[26/Sep/2017 07:02:43] "GET /static/js/bootstrap.min.js?v=3.3.6 HTTP/1.1" 200 36869
[26/Sep/2017 07:02:44] "GET /static/js/plugins/metisMenu/jquery.metisMenu.js HTTP/1.1" 200 3985
[26/Sep/2017 07:02:44] "GET /static/js/plugins/slimscroll/jquery.slimscroll.min.js HTTP/1.1" 200 4675
[26/Sep/2017 07:02:44] "GET /static/js/plugins/layer/layer.min.js HTTP/1.1" 200 14941
[26/Sep/2017 07:02:44] "GET /static/js/hplus.js?v=4.1.0 HTTP/1.1" 200 7606
[26/Sep/2017 07:02:45] "GET /static/js/contabs.js HTTP/1.1" 200 12522
[26/Sep/2017 07:02:45] "GET /static/css/bootstrap.min.css?v=3.3.6 HTTP/1.1" 200 121261
[26/Sep/2017 07:02:45] "GET /static/js/plugins/pace/pace.min.js HTTP/1.1" 200 12315
[26/Sep/2017 07:02:45] "GET /static/js/plugins/bootstrap-table/bootstrap-table.min.js HTTP/1.1" 200 47802
[26/Sep/2017 07:02:46] "GET /main/?nsukey=bjCY4xEiKPgZUUNAgsSqR5ahJWrapJGnfgcMwKZ8lXlJOVjEkpH%2Bmu2Oqq83QTdfvDV5lT6OipMxqeW9WBHafOZ%2BD%2BxSPjggDL37yyRdUq5A5ip%2Br5b2rMEXlZpfZA77tkdXy8VPwCOP%2BYPbzd6%2FfpK1o3WQw5BLqU9W7wJDfW3vrYzYcQrPkgpHTdiKylxV HTTP/1.1" 200 33087
[26/Sep/2017 07:02:46] "GET /static/js/plugins/bootstrap-table/bootstrap-table-mobile.min.js HTTP/1.1" 200 1652
[26/Sep/2017 07:02:46] "GET /static/js/plugins/bootstrap-table/locale/bootstrap-table-zh-CN.min.js HTTP/1.1" 200 853
[26/Sep/2017 07:02:46] "GET /static/js/plugins/bootstrap-table/extensions/select2-filter/bootstrap-table-select2-filter.js HTTP/1.1" 200 9029
[26/Sep/2017 07:02:47] "GET /main/?nsukey=bjCY4xEiKPgZUUNAgsSqR5ahJWrapJGnfgcMwKZ8lXlJOVjEkpH%2Bmu2Oqq83QTdfvDV5lT6OipMxqeW9WBHafOZ%2BD%2BxSPjggDL37yyRdUq5A5ip%2Br5b2rMEXlZpfZA77tkdXy8VPwCOP%2BYPbzd6%2FfpK1o3WQw5BLqU9W7wJDfW3vrYzYcQrPkgpHTdiKylxV HTTP/1.1" 200 33087
[26/Sep/2017 07:02:47] "GET /static/js/plugins/layer/skin/layer.css HTTP/1.1" 200 11303
[26/Sep/2017 07:02:48] "GET /index01 HTTP/1.1" 301 0
[26/Sep/2017 07:02:48] "GET /index01/ HTTP/1.1" 200 20116
[26/Sep/2017 07:02:48] "GET /index01 HTTP/1.1" 301 0
[26/Sep/2017 07:02:48] "GET /static/js/plugins/flot/jquery.flot.tooltip.min.js HTTP/1.1" 200 3928
[26/Sep/2017 07:02:48] "GET /static/js/plugins/flot/jquery.flot.pie.js HTTP/1.1" 200 21501
[26/Sep/2017 07:02:48] "GET /static/js/plugins/flot/jquery.flot.resize.js HTTP/1.1" 200 2484
[26/Sep/2017 07:02:48] "GET /static/js/plugins/peity/jquery.peity.min.js HTTP/1.1" 200 3396
[26/Sep/2017 07:02:48] "GET /static/js/plugins/flot/jquery.flot.js HTTP/1.1" 200 104627
[26/Sep/2017 07:02:48] "GET /static/js/plugins/flot/jquery.flot.spline.js HTTP/1.1" 200 6252
[26/Sep/2017 07:02:48] "GET /index01/ HTTP/1.1" 200 20116
[26/Sep/2017 07:02:48] "GET /static/js/demo/peity-demo.js HTTP/1.1" 200 764
[26/Sep/2017 07:02:48] "GET /static/js/content.js?v=1.0.0 HTTP/1.1" 200 1915
[26/Sep/2017 07:02:48] "GET /static/js/plugins/gritter/jquery.gritter.min.js HTTP/1.1" 200 4324
[26/Sep/2017 07:02:48] "GET /static/js/plugins/easypiechart/jquery.easypiechart.js HTTP/1.1" 200 11853
[26/Sep/2017 07:02:49] "GET /static/js/plugins/sparkline/jquery.sparkline.min.js HTTP/1.1" 200 43252
[26/Sep/2017 07:02:49] "GET /static/js/demo/sparkline-demo.js HTTP/1.1" 200 1708
[26/Sep/2017 07:02:50] "GET /static/js/plugins/sparkline/jquery.sparkline.min.js HTTP/1.1" 200 43252
[26/Sep/2017 07:02:51] "GET /static/js/plugins/flot/jquery.flot.js HTTP/1.1" 200 104627
[26/Sep/2017 07:02:51] "GET /static/fonts/fontawesome-webfont.woff?v=4.4.0 HTTP/1.1" 200 81284
[26/Sep/2017 07:02:51] "GET /static/fonts/fontawesome-webfont.woff?v=4.4.0 HTTP/1.1" 200 81284
[26/Sep/2017 07:02:52] "GET /static/js/plugins/jquery-ui/jquery-ui.min.js HTTP/1.1" 200 228479
[26/Sep/2017 07:02:55] "GET /static/js/plugins/jquery-ui/jquery-ui.min.js HTTP/1.1" 200 228479
[26/Sep/2017 07:02:56] "GET /main/?nsukey=bjCY4xEiKPgZUUNAgsSqR5ahJWrapJGnfgcMwKZ8lXlJOVjEkpH%2Bmu2Oqq83QTdfvDV5lT6OipMxqeW9WBHafOZ%2BD%2BxSPjggDL37yyRdUq5A5ip%2Br5b2rMEXlZpfZA77tkdXy8VPwCOP%2BYPbzd6%2FfpK1o3WQw5BLqU9W7wJDfW3vrYzYcQrPkgpHTdiKylxV HTTP/1.1" 200 33087
[26/Sep/2017 07:02:56] "GET /static/css/plugins/bootstrap-table/bootstrap-table.min.css HTTP/1.1" 200 4493
[26/Sep/2017 07:02:56] "GET /static/css/font-awesome.min.css?v=4.4.0 HTTP/1.1" 200 26711
[26/Sep/2017 07:02:56] "GET /static/css/bootstrap.min.css?v=3.3.6 HTTP/1.1" 200 121261
[26/Sep/2017 07:02:56] "GET /static/css/animate.css HTTP/1.1" 200 65565
[26/Sep/2017 07:02:56] "GET /static/js/bootstrap.min.js?v=3.3.6 HTTP/1.1" 200 36869
[26/Sep/2017 07:02:57] "GET /static/js/plugins/metisMenu/jquery.metisMenu.js HTTP/1.1" 200 3985
[26/Sep/2017 07:02:57] "GET /static/js/plugins/slimscroll/jquery.slimscroll.min.js HTTP/1.1" 200 4675
[26/Sep/2017 07:02:58] "GET /static/js/plugins/layer/layer.min.js HTTP/1.1" 200 14941
[26/Sep/2017 07:02:58] "GET /static/js/jquery.min.js?v=2.1.4 HTTP/1.1" 200 84345
[26/Sep/2017 07:02:58] "GET /static/js/hplus.js?v=4.1.0 HTTP/1.1" 200 7606
[26/Sep/2017 07:02:58] "GET /static/js/contabs.js HTTP/1.1" 200 12522
[26/Sep/2017 07:02:58] "GET /static/js/plugins/pace/pace.min.js HTTP/1.1" 200 12315
[26/Sep/2017 07:02:59] "GET /static/js/plugins/bootstrap-table/bootstrap-table.min.js HTTP/1.1" 200 47802
[26/Sep/2017 07:02:59] "GET /static/js/plugins/bootstrap-table/bootstrap-table-mobile.min.js HTTP/1.1" 200 1652
[26/Sep/2017 07:02:59] "GET /static/js/plugins/bootstrap-table/locale/bootstrap-table-zh-CN.min.js HTTP/1.1" 200 853
[26/Sep/2017 07:02:59] "GET /static/js/plugins/bootstrap-table/extensions/select2-filter/bootstrap-table-select2-filter.js HTTP/1.1" 200 9029
[26/Sep/2017 07:02:59] "GET /static/img/profile_small.jpg HTTP/1.1" 200 16101
[26/Sep/2017 07:03:00] "GET /static/css/style.css?v=4.1.0 HTTP/1.1" 200 136461
[26/Sep/2017 07:03:00] "GET /main/img/a7.jpg HTTP/1.1" 200 33087
[26/Sep/2017 07:03:00] "GET /main/img/a4.jpg HTTP/1.1" 200 33087
[26/Sep/2017 07:03:00] "GET /main/img/a1.jpg HTTP/1.1" 200 33087
[26/Sep/2017 07:03:01] "GET /main/img/a2.jpg HTTP/1.1" 200 33087
Not Found: /favicon.ico
[26/Sep/2017 08:17:05] "GET /favicon.ico HTTP/1.1" 404 4961
Not Found: /favicon.ico
[26/Sep/2017 08:17:06] "GET /favicon.ico HTTP/1.1" 404 4961
Not Found: /
[27/Sep/2017 04:49:59] "GET / HTTP/1.1" 404 4910
[27/Sep/2017 05:40:55] "GET /main/?nsukey=wKmsGIhjhVLJopl9q%2BdMSxnUqjUlxfI8w4eyTPkHIFbL%2FTrLYgCPISlvqeMm6dgmaUgXv7tuBco7piv%2FGd%2Bb96n9dhxXMrHWSKVf8p1EoWzTEg6tRHYQ1coC2NR7XmN1oRYjFiTvQsnTPiuxIdtlF5ObS0kbSX3MZ71VguG3QslYYw3aih2zMmX2PO5Cqu83 HTTP/1.1" 200 33087
[27/Sep/2017 05:40:55] "GET /main/?nsukey=wKmsGIhjhVLJopl9q%2BdMSxnUqjUlxfI8w4eyTPkHIFbL%2FTrLYgCPISlvqeMm6dgmaUgXv7tuBco7piv%2FGd%2Bb96n9dhxXMrHWSKVf8p1EoWzTEg6tRHYQ1coC2NR7XmN1oRYjFiTvQsnTPiuxIdtlF5ObS0kbSX3MZ71VguG3QslYYw3aih2zMmX2PO5Cqu83 HTTP/1.1" 200 33087
[27/Sep/2017 05:40:55] "GET /index01 HTTP/1.1" 301 0
[27/Sep/2017 05:40:55] "GET /index01/ HTTP/1.1" 200 20116
[27/Sep/2017 05:40:56] "GET /static/fonts/fontawesome-webfont.woff?v=4.4.0 HTTP/1.1" 200 81284
[27/Sep/2017 05:40:56] "GET /main/?nsukey=wKmsGIhjhVLJopl9q%2BdMSxnUqjUlxfI8w4eyTPkHIFbL%2FTrLYgCPISlvqeMm6dgmaUgXv7tuBco7piv%2FGd%2Bb96n9dhxXMrHWSKVf8p1EoWzTEg6tRHYQ1coC2NR7XmN1oRYjFiTvQsnTPiuxIdtlF5ObS0kbSX3MZ71VguG3QslYYw3aih2zMmX2PO5Cqu83 HTTP/1.1" 200 33087
[27/Sep/2017 05:40:56] "GET /static/css/font-awesome.min.css?v=4.4.0 HTTP/1.1" 200 26711
[27/Sep/2017 05:40:56] "GET /static/css/plugins/bootstrap-table/bootstrap-table.min.css HTTP/1.1" 200 4493
[27/Sep/2017 05:40:56] "GET /static/css/bootstrap.min.css?v=3.3.6 HTTP/1.1" 200 121261
[27/Sep/2017 05:40:56] "GET /static/js/bootstrap.min.js?v=3.3.6 HTTP/1.1" 200 36869
[27/Sep/2017 05:40:57] "GET /static/js/jquery.min.js?v=2.1.4 HTTP/1.1" 200 84345
[27/Sep/2017 05:40:57] "GET /static/css/animate.css HTTP/1.1" 200 65565
[27/Sep/2017 05:40:58] "GET /static/js/plugins/metisMenu/jquery.metisMenu.js HTTP/1.1" 200 3985
[27/Sep/2017 05:40:58] "GET /static/js/plugins/slimscroll/jquery.slimscroll.min.js HTTP/1.1" 200 4675
[27/Sep/2017 05:40:58] "GET /static/js/plugins/layer/layer.min.js HTTP/1.1" 200 14941
[27/Sep/2017 05:40:58] "GET /static/js/hplus.js?v=4.1.0 HTTP/1.1" 200 7606
[27/Sep/2017 05:40:58] "GET /static/js/contabs.js HTTP/1.1" 200 12522
[27/Sep/2017 05:40:58] "GET /static/js/plugins/pace/pace.min.js HTTP/1.1" 200 12315
[27/Sep/2017 05:40:59] "GET /static/css/style.css?v=4.1.0 HTTP/1.1" 200 136461
[27/Sep/2017 05:40:59] "GET /static/js/plugins/bootstrap-table/bootstrap-table-mobile.min.js HTTP/1.1" 200 1652
[27/Sep/2017 05:40:59] "GET /static/js/plugins/bootstrap-table/locale/bootstrap-table-zh-CN.min.js HTTP/1.1" 200 853
[27/Sep/2017 05:40:59] "GET /static/js/plugins/bootstrap-table/extensions/select2-filter/bootstrap-table-select2-filter.js HTTP/1.1" 200 9029
[27/Sep/2017 05:40:59] "GET /static/img/profile_small.jpg HTTP/1.1" 200 16101
[27/Sep/2017 05:41:00] "GET /static/js/plugins/bootstrap-table/bootstrap-table.min.js HTTP/1.1" 200 47802
[27/Sep/2017 05:41:00] "GET /static/js/plugins/layer/skin/layer.css HTTP/1.1" 200 11303
[27/Sep/2017 05:41:01] "GET /index01 HTTP/1.1" 301 0
[27/Sep/2017 05:41:01] "GET /main/img/a1.jpg HTTP/1.1" 200 33087
[27/Sep/2017 05:41:01] "GET /main/img/a4.jpg HTTP/1.1" 200 33087
[27/Sep/2017 05:41:01] "GET /main/img/a2.jpg HTTP/1.1" 200 33087
[27/Sep/2017 05:41:01] "GET /main/img/a3.jpg HTTP/1.1" 200 33087
[27/Sep/2017 05:41:01] "GET /index01/ HTTP/1.1" 200 20116
[27/Sep/2017 05:41:01] "GET /static/fonts/fontawesome-webfont.woff2?v=4.4.0 HTTP/1.1" 200 64464
[27/Sep/2017 05:41:01] "GET /static/js/plugins/flot/jquery.flot.tooltip.min.js HTTP/1.1" 200 3928
[27/Sep/2017 05:41:01] "GET /static/js/plugins/flot/jquery.flot.resize.js HTTP/1.1" 200 2484
[27/Sep/2017 05:41:01] "GET /static/js/plugins/flot/jquery.flot.pie.js HTTP/1.1" 200 21501
[27/Sep/2017 05:41:02] "GET /static/js/plugins/peity/jquery.peity.min.js HTTP/1.1" 200 3396
[27/Sep/2017 05:41:02] "GET /static/js/demo/peity-demo.js HTTP/1.1" 200 764
[27/Sep/2017 05:41:02] "GET /static/js/content.js?v=1.0.0 HTTP/1.1" 200 1915
[27/Sep/2017 05:41:02] "GET /static/js/plugins/easypiechart/jquery.easypiechart.js HTTP/1.1" 200 11853
[27/Sep/2017 05:41:02] "GET /static/js/plugins/sparkline/jquery.sparkline.min.js HTTP/1.1" 200 43252
[27/Sep/2017 05:41:02] "GET /static/js/demo/sparkline-demo.js HTTP/1.1" 200 1708
[27/Sep/2017 05:41:02] "GET /static/js/plugins/flot/jquery.flot.spline.js HTTP/1.1" 200 6252
[27/Sep/2017 05:41:03] "GET /static/js/plugins/gritter/jquery.gritter.min.js HTTP/1.1" 200 4324
[27/Sep/2017 05:41:03] "GET /main/img/a7.jpg HTTP/1.1" 200 33087
[27/Sep/2017 05:41:03] "GET /static/css/patterns/header-profile.png HTTP/1.1" 200 5877
[27/Sep/2017 05:41:03] "GET /static/img/profile.jpg HTTP/1.1" 200 38520
[27/Sep/2017 05:41:03] "GET /static/img/a2.jpg HTTP/1.1" 200 13416
[27/Sep/2017 05:41:03] "GET /static/img/a5.jpg HTTP/1.1" 200 16274
[27/Sep/2017 05:41:04] "GET /main/img/a8.jpg HTTP/1.1" 200 33087
[27/Sep/2017 05:41:04] "GET /static/css/patterns/header-profile-skin-1.png HTTP/1.1" 200 26278
[27/Sep/2017 05:41:04] "GET /static/js/plugins/flot/jquery.flot.js HTTP/1.1" 200 104627
[27/Sep/2017 05:41:05] "GET /static/img/a3.jpg HTTP/1.1" 200 50346
[27/Sep/2017 05:41:05] "GET /static/css/patterns/header-profile-skin-3.png HTTP/1.1" 200 33032
[27/Sep/2017 05:41:06] "GET /static/js/plugins/jquery-ui/jquery-ui.min.js HTTP/1.1" 200 228479
Not Found: /
[28/Sep/2017 14:22:33] "GET / HTTP/1.1" 404 4910
